[2024-12-03T03:25:22.559+0000] {local_task_job_runner.py:123} INFO - ::group::Pre task execution logs
[2024-12-03T03:25:22.601+0000] {taskinstance.py:2613} INFO - Dependencies all met for dep_context=non-requeueable deps ti=<TaskInstance: fetch_and_store_amazon_books.create_table scheduled__2024-10-27T00:00:00+00:00 [queued]>
[2024-12-03T03:25:22.628+0000] {taskinstance.py:2613} INFO - Dependencies all met for dep_context=requeueable deps ti=<TaskInstance: fetch_and_store_amazon_books.create_table scheduled__2024-10-27T00:00:00+00:00 [queued]>
[2024-12-03T03:25:22.630+0000] {taskinstance.py:2866} INFO - Starting attempt 1 of 2
[2024-12-03T03:25:22.671+0000] {taskinstance.py:2889} INFO - Executing <Task(PostgresOperator): create_table> on 2024-10-27 00:00:00+00:00
[2024-12-03T03:25:22.693+0000] {warnings.py:112} WARNING - /home/***/.local/lib/python3.12/site-packages/***/task/task_runner/standard_task_runner.py:70: DeprecationWarning: This process (pid=1928) is multi-threaded, use of fork() may lead to deadlocks in the child.
  pid = os.fork()

[2024-12-03T03:25:22.703+0000] {standard_task_runner.py:72} INFO - Started process 1965 to run task
[2024-12-03T03:25:22.711+0000] {standard_task_runner.py:104} INFO - Running: ['***', 'tasks', 'run', 'fetch_and_store_amazon_books', 'create_table', 'scheduled__2024-10-27T00:00:00+00:00', '--job-id', '390', '--raw', '--subdir', 'DAGS_FOLDER/dags.py', '--cfg-path', '/tmp/tmpzd4ox7a2']
[2024-12-03T03:25:22.717+0000] {standard_task_runner.py:105} INFO - Job 390: Subtask create_table
[2024-12-03T03:25:22.993+0000] {task_command.py:467} INFO - Running <TaskInstance: fetch_and_store_amazon_books.create_table scheduled__2024-10-27T00:00:00+00:00 [running]> on host c2bf3343cf51
[2024-12-03T03:25:23.170+0000] {taskinstance.py:3132} INFO - Exporting env vars: AIRFLOW_CTX_DAG_OWNER='***' AIRFLOW_CTX_DAG_ID='fetch_and_store_amazon_books' AIRFLOW_CTX_TASK_ID='create_table' AIRFLOW_CTX_EXECUTION_DATE='2024-10-27T00:00:00+00:00' AIRFLOW_CTX_TRY_NUMBER='1' AIRFLOW_CTX_DAG_RUN_ID='scheduled__2024-10-27T00:00:00+00:00'
[2024-12-03T03:25:23.174+0000] {logging_mixin.py:190} INFO - Task instance is in running state
[2024-12-03T03:25:23.175+0000] {logging_mixin.py:190} INFO -  Previous state of the Task instance: queued
[2024-12-03T03:25:23.176+0000] {logging_mixin.py:190} INFO - Current task name:create_table state:running start_date:2024-12-03 03:25:22.606861+00:00
[2024-12-03T03:25:23.181+0000] {logging_mixin.py:190} INFO - Dag name:fetch_and_store_amazon_books and current dag run status:running
[2024-12-03T03:25:23.190+0000] {taskinstance.py:731} INFO - ::endgroup::
[2024-12-03T03:25:23.191+0000] {sql.py:278} INFO - Executing: 
    CREATE TABLE IF NOT EXISTS books (
        id SERIAL PRIMARY KEY,
        title TEXT NOT NULL,
        authors TEXT,
        price TEXT,
        rating TEXT
    );
    
[2024-12-03T03:25:23.264+0000] {base.py:84} INFO - Retrieving connection 'books_connection'
[2024-12-03T03:25:23.291+0000] {base.py:84} INFO - Retrieving connection 'books_connection'
[2024-12-03T03:25:23.327+0000] {sql.py:544} INFO - Running statement: 
    CREATE TABLE IF NOT EXISTS books (
        id SERIAL PRIMARY KEY,
        title TEXT NOT NULL,
        authors TEXT,
        price TEXT,
        rating TEXT
    );
    , parameters: None
[2024-12-03T03:25:23.423+0000] {taskinstance.py:340} INFO - ::group::Post task execution logs
[2024-12-03T03:25:23.448+0000] {taskinstance.py:352} INFO - Marking task as SUCCESS. dag_id=fetch_and_store_amazon_books, task_id=create_table, run_id=scheduled__2024-10-27T00:00:00+00:00, execution_date=20241027T000000, start_date=20241203T032522, end_date=20241203T032523
[2024-12-03T03:25:23.486+0000] {logging_mixin.py:190} INFO - Task instance in success state
[2024-12-03T03:25:23.493+0000] {logging_mixin.py:190} INFO -  Previous state of the Task instance: running
[2024-12-03T03:25:23.494+0000] {logging_mixin.py:190} INFO - Dag name:fetch_and_store_amazon_books queued_at:2024-12-03 03:25:12.033188+00:00
[2024-12-03T03:25:23.495+0000] {logging_mixin.py:190} INFO - Task hostname:c2bf3343cf51 operator:PostgresOperator
[2024-12-03T03:25:23.603+0000] {local_task_job_runner.py:266} INFO - Task exited with return code 0
[2024-12-03T03:25:23.626+0000] {local_task_job_runner.py:245} INFO - ::endgroup::
