[2024-12-03T03:24:47.414+0000] {local_task_job_runner.py:123} INFO - ::group::Pre task execution logs
[2024-12-03T03:24:47.443+0000] {taskinstance.py:2613} INFO - Dependencies all met for dep_context=non-requeueable deps ti=<TaskInstance: fetch_and_store_amazon_books.fetch_book_data scheduled__2024-09-30T00:00:00+00:00 [queued]>
[2024-12-03T03:24:47.464+0000] {taskinstance.py:2613} INFO - Dependencies all met for dep_context=requeueable deps ti=<TaskInstance: fetch_and_store_amazon_books.fetch_book_data scheduled__2024-09-30T00:00:00+00:00 [queued]>
[2024-12-03T03:24:47.469+0000] {taskinstance.py:2866} INFO - Starting attempt 1 of 2
[2024-12-03T03:24:47.601+0000] {taskinstance.py:2889} INFO - Executing <Task(PythonOperator): fetch_book_data> on 2024-09-30 00:00:00+00:00
[2024-12-03T03:24:47.632+0000] {standard_task_runner.py:104} INFO - Running: ['***', 'tasks', 'run', 'fetch_and_store_amazon_books', 'fetch_book_data', 'scheduled__2024-09-30T00:00:00+00:00', '--job-id', '315', '--raw', '--subdir', 'DAGS_FOLDER/dags.py', '--cfg-path', '/tmp/tmpzdhs_cux']
[2024-12-03T03:24:47.638+0000] {standard_task_runner.py:105} INFO - Job 315: Subtask fetch_book_data
[2024-12-03T03:24:47.622+0000] {warnings.py:112} WARNING - /home/***/.local/lib/python3.12/site-packages/***/task/task_runner/standard_task_runner.py:70: DeprecationWarning: This process (pid=1719) is multi-threaded, use of fork() may lead to deadlocks in the child.
  pid = os.fork()

[2024-12-03T03:24:47.643+0000] {standard_task_runner.py:72} INFO - Started process 1736 to run task
[2024-12-03T03:24:47.807+0000] {task_command.py:467} INFO - Running <TaskInstance: fetch_and_store_amazon_books.fetch_book_data scheduled__2024-09-30T00:00:00+00:00 [running]> on host c2bf3343cf51
[2024-12-03T03:24:48.138+0000] {taskinstance.py:3132} INFO - Exporting env vars: AIRFLOW_CTX_DAG_OWNER='***' AIRFLOW_CTX_DAG_ID='fetch_and_store_amazon_books' AIRFLOW_CTX_TASK_ID='fetch_book_data' AIRFLOW_CTX_EXECUTION_DATE='2024-09-30T00:00:00+00:00' AIRFLOW_CTX_TRY_NUMBER='1' AIRFLOW_CTX_DAG_RUN_ID='scheduled__2024-09-30T00:00:00+00:00'
[2024-12-03T03:24:48.144+0000] {logging_mixin.py:190} INFO - Task instance is in running state
[2024-12-03T03:24:48.146+0000] {logging_mixin.py:190} INFO -  Previous state of the Task instance: queued
[2024-12-03T03:24:48.146+0000] {logging_mixin.py:190} INFO - Current task name:fetch_book_data state:running start_date:2024-12-03 03:24:47.446328+00:00
[2024-12-03T03:24:48.148+0000] {logging_mixin.py:190} INFO - Dag name:fetch_and_store_amazon_books and current dag run status:running
[2024-12-03T03:24:48.152+0000] {taskinstance.py:731} INFO - ::endgroup::
[2024-12-03T03:24:49.742+0000] {python.py:240} INFO - Done. Returned value was: None
[2024-12-03T03:24:49.771+0000] {taskinstance.py:340} INFO - ::group::Post task execution logs
[2024-12-03T03:24:49.775+0000] {taskinstance.py:352} INFO - Marking task as SUCCESS. dag_id=fetch_and_store_amazon_books, task_id=fetch_book_data, run_id=scheduled__2024-09-30T00:00:00+00:00, execution_date=20240930T000000, start_date=20241203T032447, end_date=20241203T032449
[2024-12-03T03:24:49.806+0000] {logging_mixin.py:190} INFO - Task instance in success state
[2024-12-03T03:24:49.806+0000] {logging_mixin.py:190} INFO -  Previous state of the Task instance: running
[2024-12-03T03:24:49.807+0000] {logging_mixin.py:190} INFO - Dag name:fetch_and_store_amazon_books queued_at:2024-12-03 03:24:44.974165+00:00
[2024-12-03T03:24:49.811+0000] {logging_mixin.py:190} INFO - Task hostname:c2bf3343cf51 operator:PythonOperator
[2024-12-03T03:24:49.866+0000] {local_task_job_runner.py:266} INFO - Task exited with return code 0
[2024-12-03T03:24:50.087+0000] {local_task_job_runner.py:245} INFO - ::endgroup::
