[2024-12-03T03:24:50.872+0000] {local_task_job_runner.py:123} INFO - ::group::Pre task execution logs
[2024-12-03T03:24:50.890+0000] {taskinstance.py:2613} INFO - Dependencies all met for dep_context=non-requeueable deps ti=<TaskInstance: fetch_and_store_amazon_books.fetch_book_data scheduled__2024-10-09T00:00:00+00:00 [queued]>
[2024-12-03T03:24:50.906+0000] {taskinstance.py:2613} INFO - Dependencies all met for dep_context=requeueable deps ti=<TaskInstance: fetch_and_store_amazon_books.fetch_book_data scheduled__2024-10-09T00:00:00+00:00 [queued]>
[2024-12-03T03:24:50.910+0000] {taskinstance.py:2866} INFO - Starting attempt 1 of 2
[2024-12-03T03:24:50.933+0000] {taskinstance.py:2889} INFO - Executing <Task(PythonOperator): fetch_book_data> on 2024-10-09 00:00:00+00:00
[2024-12-03T03:24:50.948+0000] {warnings.py:112} WARNING - /home/***/.local/lib/python3.12/site-packages/***/task/task_runner/standard_task_runner.py:70: DeprecationWarning: This process (pid=1728) is multi-threaded, use of fork() may lead to deadlocks in the child.
  pid = os.fork()

[2024-12-03T03:24:50.957+0000] {standard_task_runner.py:104} INFO - Running: ['***', 'tasks', 'run', 'fetch_and_store_amazon_books', 'fetch_book_data', 'scheduled__2024-10-09T00:00:00+00:00', '--job-id', '324', '--raw', '--subdir', 'DAGS_FOLDER/dags.py', '--cfg-path', '/tmp/tmpq0xqjqhw']
[2024-12-03T03:24:50.958+0000] {standard_task_runner.py:72} INFO - Started process 1759 to run task
[2024-12-03T03:24:50.961+0000] {standard_task_runner.py:105} INFO - Job 324: Subtask fetch_book_data
[2024-12-03T03:24:51.080+0000] {task_command.py:467} INFO - Running <TaskInstance: fetch_and_store_amazon_books.fetch_book_data scheduled__2024-10-09T00:00:00+00:00 [running]> on host c2bf3343cf51
[2024-12-03T03:24:51.235+0000] {taskinstance.py:3132} INFO - Exporting env vars: AIRFLOW_CTX_DAG_OWNER='***' AIRFLOW_CTX_DAG_ID='fetch_and_store_amazon_books' AIRFLOW_CTX_TASK_ID='fetch_book_data' AIRFLOW_CTX_EXECUTION_DATE='2024-10-09T00:00:00+00:00' AIRFLOW_CTX_TRY_NUMBER='1' AIRFLOW_CTX_DAG_RUN_ID='scheduled__2024-10-09T00:00:00+00:00'
[2024-12-03T03:24:51.237+0000] {logging_mixin.py:190} INFO - Task instance is in running state
[2024-12-03T03:24:51.238+0000] {logging_mixin.py:190} INFO -  Previous state of the Task instance: queued
[2024-12-03T03:24:51.238+0000] {logging_mixin.py:190} INFO - Current task name:fetch_book_data state:running start_date:2024-12-03 03:24:50.893043+00:00
[2024-12-03T03:24:51.239+0000] {logging_mixin.py:190} INFO - Dag name:fetch_and_store_amazon_books and current dag run status:running
[2024-12-03T03:24:51.241+0000] {taskinstance.py:731} INFO - ::endgroup::
[2024-12-03T03:24:52.587+0000] {python.py:240} INFO - Done. Returned value was: None
[2024-12-03T03:24:52.624+0000] {taskinstance.py:340} INFO - ::group::Post task execution logs
[2024-12-03T03:24:52.631+0000] {taskinstance.py:352} INFO - Marking task as SUCCESS. dag_id=fetch_and_store_amazon_books, task_id=fetch_book_data, run_id=scheduled__2024-10-09T00:00:00+00:00, execution_date=20241009T000000, start_date=20241203T032450, end_date=20241203T032452
[2024-12-03T03:24:52.657+0000] {logging_mixin.py:190} INFO - Task instance in success state
[2024-12-03T03:24:52.659+0000] {logging_mixin.py:190} INFO -  Previous state of the Task instance: running
[2024-12-03T03:24:52.660+0000] {logging_mixin.py:190} INFO - Dag name:fetch_and_store_amazon_books queued_at:2024-12-03 03:24:46.088866+00:00
[2024-12-03T03:24:52.661+0000] {logging_mixin.py:190} INFO - Task hostname:c2bf3343cf51 operator:PythonOperator
[2024-12-03T03:24:52.689+0000] {local_task_job_runner.py:266} INFO - Task exited with return code 0
[2024-12-03T03:24:52.722+0000] {taskinstance.py:3895} INFO - 1 downstream tasks scheduled from follow-on schedule check
[2024-12-03T03:24:52.725+0000] {local_task_job_runner.py:245} INFO - ::endgroup::
