[2024-12-03T03:26:15.688+0000] {local_task_job_runner.py:123} INFO - ::group::Pre task execution logs
[2024-12-03T03:26:15.723+0000] {taskinstance.py:2613} INFO - Dependencies all met for dep_context=non-requeueable deps ti=<TaskInstance: fetch_and_store_amazon_books.create_table scheduled__2024-12-02T00:00:00+00:00 [queued]>
[2024-12-03T03:26:15.752+0000] {taskinstance.py:2613} INFO - Dependencies all met for dep_context=requeueable deps ti=<TaskInstance: fetch_and_store_amazon_books.create_table scheduled__2024-12-02T00:00:00+00:00 [queued]>
[2024-12-03T03:26:15.760+0000] {taskinstance.py:2866} INFO - Starting attempt 1 of 2
[2024-12-03T03:26:15.820+0000] {taskinstance.py:2889} INFO - Executing <Task(PostgresOperator): create_table> on 2024-12-02 00:00:00+00:00
[2024-12-03T03:26:15.898+0000] {warnings.py:112} WARNING - /home/***/.local/lib/python3.12/site-packages/***/task/task_runner/standard_task_runner.py:70: DeprecationWarning: This process (pid=2233) is multi-threaded, use of fork() may lead to deadlocks in the child.
  pid = os.fork()

[2024-12-03T03:26:15.915+0000] {standard_task_runner.py:72} INFO - Started process 2265 to run task
[2024-12-03T03:26:15.907+0000] {standard_task_runner.py:104} INFO - Running: ['***', 'tasks', 'run', 'fetch_and_store_amazon_books', 'create_table', 'scheduled__2024-12-02T00:00:00+00:00', '--job-id', '487', '--raw', '--subdir', 'DAGS_FOLDER/dags.py', '--cfg-path', '/tmp/tmptk_14xr1']
[2024-12-03T03:26:15.923+0000] {standard_task_runner.py:105} INFO - Job 487: Subtask create_table
[2024-12-03T03:26:16.198+0000] {task_command.py:467} INFO - Running <TaskInstance: fetch_and_store_amazon_books.create_table scheduled__2024-12-02T00:00:00+00:00 [running]> on host c2bf3343cf51
[2024-12-03T03:26:16.606+0000] {taskinstance.py:3132} INFO - Exporting env vars: AIRFLOW_CTX_DAG_OWNER='***' AIRFLOW_CTX_DAG_ID='fetch_and_store_amazon_books' AIRFLOW_CTX_TASK_ID='create_table' AIRFLOW_CTX_EXECUTION_DATE='2024-12-02T00:00:00+00:00' AIRFLOW_CTX_TRY_NUMBER='1' AIRFLOW_CTX_DAG_RUN_ID='scheduled__2024-12-02T00:00:00+00:00'
[2024-12-03T03:26:16.618+0000] {logging_mixin.py:190} INFO - Task instance is in running state
[2024-12-03T03:26:16.627+0000] {logging_mixin.py:190} INFO -  Previous state of the Task instance: queued
[2024-12-03T03:26:16.629+0000] {logging_mixin.py:190} INFO - Current task name:create_table state:running start_date:2024-12-03 03:26:15.727457+00:00
[2024-12-03T03:26:16.630+0000] {logging_mixin.py:190} INFO - Dag name:fetch_and_store_amazon_books and current dag run status:running
[2024-12-03T03:26:16.632+0000] {taskinstance.py:731} INFO - ::endgroup::
[2024-12-03T03:26:16.634+0000] {sql.py:278} INFO - Executing: 
    CREATE TABLE IF NOT EXISTS books (
        id SERIAL PRIMARY KEY,
        title TEXT NOT NULL,
        authors TEXT,
        price TEXT,
        rating TEXT
    );
    
[2024-12-03T03:26:16.701+0000] {base.py:84} INFO - Retrieving connection 'books_connection'
[2024-12-03T03:26:16.739+0000] {base.py:84} INFO - Retrieving connection 'books_connection'
[2024-12-03T03:26:16.754+0000] {sql.py:544} INFO - Running statement: 
    CREATE TABLE IF NOT EXISTS books (
        id SERIAL PRIMARY KEY,
        title TEXT NOT NULL,
        authors TEXT,
        price TEXT,
        rating TEXT
    );
    , parameters: None
[2024-12-03T03:26:16.859+0000] {taskinstance.py:340} INFO - ::group::Post task execution logs
[2024-12-03T03:26:16.863+0000] {taskinstance.py:352} INFO - Marking task as SUCCESS. dag_id=fetch_and_store_amazon_books, task_id=create_table, run_id=scheduled__2024-12-02T00:00:00+00:00, execution_date=20241202T000000, start_date=20241203T032615, end_date=20241203T032616
[2024-12-03T03:26:16.895+0000] {logging_mixin.py:190} INFO - Task instance in success state
[2024-12-03T03:26:16.906+0000] {logging_mixin.py:190} INFO -  Previous state of the Task instance: running
[2024-12-03T03:26:16.907+0000] {logging_mixin.py:190} INFO - Dag name:fetch_and_store_amazon_books queued_at:2024-12-03 03:26:02.537954+00:00
[2024-12-03T03:26:16.907+0000] {logging_mixin.py:190} INFO - Task hostname:c2bf3343cf51 operator:PostgresOperator
[2024-12-03T03:26:17.057+0000] {local_task_job_runner.py:266} INFO - Task exited with return code 0
[2024-12-03T03:26:17.149+0000] {local_task_job_runner.py:245} INFO - ::endgroup::
