[2024-12-03T03:24:54.901+0000] {local_task_job_runner.py:123} INFO - ::group::Pre task execution logs
[2024-12-03T03:24:54.917+0000] {taskinstance.py:2613} INFO - Dependencies all met for dep_context=non-requeueable deps ti=<TaskInstance: fetch_and_store_amazon_books.create_table scheduled__2024-10-02T00:00:00+00:00 [queued]>
[2024-12-03T03:24:54.925+0000] {taskinstance.py:2613} INFO - Dependencies all met for dep_context=requeueable deps ti=<TaskInstance: fetch_and_store_amazon_books.create_table scheduled__2024-10-02T00:00:00+00:00 [queued]>
[2024-12-03T03:24:54.926+0000] {taskinstance.py:2866} INFO - Starting attempt 1 of 2
[2024-12-03T03:24:54.941+0000] {taskinstance.py:2889} INFO - Executing <Task(PostgresOperator): create_table> on 2024-10-02 00:00:00+00:00
[2024-12-03T03:24:54.954+0000] {warnings.py:112} WARNING - /home/***/.local/lib/python3.12/site-packages/***/task/task_runner/standard_task_runner.py:70: DeprecationWarning: This process (pid=1772) is multi-threaded, use of fork() may lead to deadlocks in the child.
  pid = os.fork()

[2024-12-03T03:24:54.960+0000] {standard_task_runner.py:72} INFO - Started process 1793 to run task
[2024-12-03T03:24:54.957+0000] {standard_task_runner.py:104} INFO - Running: ['***', 'tasks', 'run', 'fetch_and_store_amazon_books', 'create_table', 'scheduled__2024-10-02T00:00:00+00:00', '--job-id', '335', '--raw', '--subdir', 'DAGS_FOLDER/dags.py', '--cfg-path', '/tmp/tmp3rgu0nbs']
[2024-12-03T03:24:54.963+0000] {standard_task_runner.py:105} INFO - Job 335: Subtask create_table
[2024-12-03T03:24:55.025+0000] {task_command.py:467} INFO - Running <TaskInstance: fetch_and_store_amazon_books.create_table scheduled__2024-10-02T00:00:00+00:00 [running]> on host c2bf3343cf51
[2024-12-03T03:24:55.105+0000] {taskinstance.py:3132} INFO - Exporting env vars: AIRFLOW_CTX_DAG_OWNER='***' AIRFLOW_CTX_DAG_ID='fetch_and_store_amazon_books' AIRFLOW_CTX_TASK_ID='create_table' AIRFLOW_CTX_EXECUTION_DATE='2024-10-02T00:00:00+00:00' AIRFLOW_CTX_TRY_NUMBER='1' AIRFLOW_CTX_DAG_RUN_ID='scheduled__2024-10-02T00:00:00+00:00'
[2024-12-03T03:24:55.107+0000] {logging_mixin.py:190} INFO - Task instance is in running state
[2024-12-03T03:24:55.108+0000] {logging_mixin.py:190} INFO -  Previous state of the Task instance: queued
[2024-12-03T03:24:55.109+0000] {logging_mixin.py:190} INFO - Current task name:create_table state:running start_date:2024-12-03 03:24:54.918141+00:00
[2024-12-03T03:24:55.109+0000] {logging_mixin.py:190} INFO - Dag name:fetch_and_store_amazon_books and current dag run status:running
[2024-12-03T03:24:55.110+0000] {taskinstance.py:731} INFO - ::endgroup::
[2024-12-03T03:24:55.111+0000] {sql.py:278} INFO - Executing: 
    CREATE TABLE IF NOT EXISTS books (
        id SERIAL PRIMARY KEY,
        title TEXT NOT NULL,
        authors TEXT,
        price TEXT,
        rating TEXT
    );
    
[2024-12-03T03:24:55.131+0000] {base.py:84} INFO - Retrieving connection 'books_connection'
[2024-12-03T03:24:55.143+0000] {base.py:84} INFO - Retrieving connection 'books_connection'
[2024-12-03T03:24:55.150+0000] {sql.py:544} INFO - Running statement: 
    CREATE TABLE IF NOT EXISTS books (
        id SERIAL PRIMARY KEY,
        title TEXT NOT NULL,
        authors TEXT,
        price TEXT,
        rating TEXT
    );
    , parameters: None
[2024-12-03T03:24:55.169+0000] {taskinstance.py:340} INFO - ::group::Post task execution logs
[2024-12-03T03:24:55.171+0000] {taskinstance.py:352} INFO - Marking task as SUCCESS. dag_id=fetch_and_store_amazon_books, task_id=create_table, run_id=scheduled__2024-10-02T00:00:00+00:00, execution_date=20241002T000000, start_date=20241203T032454, end_date=20241203T032455
[2024-12-03T03:24:55.199+0000] {logging_mixin.py:190} INFO - Task instance in success state
[2024-12-03T03:24:55.202+0000] {logging_mixin.py:190} INFO -  Previous state of the Task instance: running
[2024-12-03T03:24:55.210+0000] {logging_mixin.py:190} INFO - Dag name:fetch_and_store_amazon_books queued_at:2024-12-03 03:24:45.143563+00:00
[2024-12-03T03:24:55.210+0000] {logging_mixin.py:190} INFO - Task hostname:c2bf3343cf51 operator:PostgresOperator
[2024-12-03T03:24:55.275+0000] {local_task_job_runner.py:266} INFO - Task exited with return code 0
[2024-12-03T03:24:55.292+0000] {local_task_job_runner.py:245} INFO - ::endgroup::
