[2024-12-03T03:22:20.615+0000] {local_task_job_runner.py:123} INFO - ::group::Pre task execution logs
[2024-12-03T03:22:20.652+0000] {taskinstance.py:2613} INFO - Dependencies all met for dep_context=non-requeueable deps ti=<TaskInstance: fetch_and_store_amazon_books.fetch_book_data manual__2024-12-03T03:22:12.161256+00:00 [queued]>
[2024-12-03T03:22:20.659+0000] {taskinstance.py:2613} INFO - Dependencies all met for dep_context=requeueable deps ti=<TaskInstance: fetch_and_store_amazon_books.fetch_book_data manual__2024-12-03T03:22:12.161256+00:00 [queued]>
[2024-12-03T03:22:20.662+0000] {taskinstance.py:2866} INFO - Starting attempt 1 of 2
[2024-12-03T03:22:20.739+0000] {taskinstance.py:2889} INFO - Executing <Task(PythonOperator): fetch_book_data> on 2024-12-03 03:22:12.161256+00:00
[2024-12-03T03:22:20.747+0000] {warnings.py:112} WARNING - /home/***/.local/lib/python3.12/site-packages/***/task/task_runner/standard_task_runner.py:70: DeprecationWarning: This process (pid=756) is multi-threaded, use of fork() may lead to deadlocks in the child.
  pid = os.fork()

[2024-12-03T03:22:20.751+0000] {standard_task_runner.py:72} INFO - Started process 796 to run task
[2024-12-03T03:22:20.754+0000] {standard_task_runner.py:104} INFO - Running: ['***', 'tasks', 'run', 'fetch_and_store_amazon_books', 'fetch_book_data', 'manual__2024-12-03T03:22:12.161256+00:00', '--job-id', '19', '--raw', '--subdir', 'DAGS_FOLDER/dags.py', '--cfg-path', '/tmp/tmplx2thll0']
[2024-12-03T03:22:20.762+0000] {standard_task_runner.py:105} INFO - Job 19: Subtask fetch_book_data
[2024-12-03T03:22:20.921+0000] {task_command.py:467} INFO - Running <TaskInstance: fetch_and_store_amazon_books.fetch_book_data manual__2024-12-03T03:22:12.161256+00:00 [running]> on host c2bf3343cf51
[2024-12-03T03:22:21.087+0000] {taskinstance.py:3132} INFO - Exporting env vars: AIRFLOW_CTX_DAG_OWNER='***' AIRFLOW_CTX_DAG_ID='fetch_and_store_amazon_books' AIRFLOW_CTX_TASK_ID='fetch_book_data' AIRFLOW_CTX_EXECUTION_DATE='2024-12-03T03:22:12.161256+00:00' AIRFLOW_CTX_TRY_NUMBER='1' AIRFLOW_CTX_DAG_RUN_ID='manual__2024-12-03T03:22:12.161256+00:00'
[2024-12-03T03:22:21.090+0000] {logging_mixin.py:190} INFO - Task instance is in running state
[2024-12-03T03:22:21.092+0000] {logging_mixin.py:190} INFO -  Previous state of the Task instance: queued
[2024-12-03T03:22:21.093+0000] {logging_mixin.py:190} INFO - Current task name:fetch_book_data state:running start_date:2024-12-03 03:22:20.654095+00:00
[2024-12-03T03:22:21.094+0000] {logging_mixin.py:190} INFO - Dag name:fetch_and_store_amazon_books and current dag run status:running
[2024-12-03T03:22:21.095+0000] {taskinstance.py:731} INFO - ::endgroup::
[2024-12-03T03:22:22.594+0000] {python.py:240} INFO - Done. Returned value was: None
[2024-12-03T03:22:22.620+0000] {taskinstance.py:340} INFO - ::group::Post task execution logs
[2024-12-03T03:22:22.621+0000] {taskinstance.py:352} INFO - Marking task as SUCCESS. dag_id=fetch_and_store_amazon_books, task_id=fetch_book_data, run_id=manual__2024-12-03T03:22:12.161256+00:00, execution_date=20241203T032212, start_date=20241203T032220, end_date=20241203T032222
[2024-12-03T03:22:22.643+0000] {logging_mixin.py:190} INFO - Task instance in success state
[2024-12-03T03:22:22.644+0000] {logging_mixin.py:190} INFO -  Previous state of the Task instance: running
[2024-12-03T03:22:22.645+0000] {logging_mixin.py:190} INFO - Dag name:fetch_and_store_amazon_books queued_at:2024-12-03 03:22:12.190325+00:00
[2024-12-03T03:22:22.646+0000] {logging_mixin.py:190} INFO - Task hostname:c2bf3343cf51 operator:PythonOperator
[2024-12-03T03:22:22.673+0000] {local_task_job_runner.py:266} INFO - Task exited with return code 0
[2024-12-03T03:22:22.696+0000] {taskinstance.py:3895} INFO - 1 downstream tasks scheduled from follow-on schedule check
[2024-12-03T03:22:22.699+0000] {local_task_job_runner.py:245} INFO - ::endgroup::
