[2024-12-03T03:24:16.986+0000] {local_task_job_runner.py:123} INFO - ::group::Pre task execution logs
[2024-12-03T03:24:16.997+0000] {taskinstance.py:2613} INFO - Dependencies all met for dep_context=non-requeueable deps ti=<TaskInstance: fetch_and_store_amazon_books.fetch_book_data scheduled__2024-09-13T00:00:00+00:00 [queued]>
[2024-12-03T03:24:17.005+0000] {taskinstance.py:2613} INFO - Dependencies all met for dep_context=requeueable deps ti=<TaskInstance: fetch_and_store_amazon_books.fetch_book_data scheduled__2024-09-13T00:00:00+00:00 [queued]>
[2024-12-03T03:24:17.006+0000] {taskinstance.py:2866} INFO - Starting attempt 1 of 2
[2024-12-03T03:24:17.020+0000] {taskinstance.py:2889} INFO - Executing <Task(PythonOperator): fetch_book_data> on 2024-09-13 00:00:00+00:00
[2024-12-03T03:24:17.028+0000] {warnings.py:112} WARNING - /home/***/.local/lib/python3.12/site-packages/***/task/task_runner/standard_task_runner.py:70: DeprecationWarning: This process (pid=1538) is multi-threaded, use of fork() may lead to deadlocks in the child.
  pid = os.fork()

[2024-12-03T03:24:17.031+0000] {standard_task_runner.py:72} INFO - Started process 1557 to run task
[2024-12-03T03:24:17.029+0000] {standard_task_runner.py:104} INFO - Running: ['***', 'tasks', 'run', 'fetch_and_store_amazon_books', 'fetch_book_data', 'scheduled__2024-09-13T00:00:00+00:00', '--job-id', '262', '--raw', '--subdir', 'DAGS_FOLDER/dags.py', '--cfg-path', '/tmp/tmpfzvqljl9']
[2024-12-03T03:24:17.032+0000] {standard_task_runner.py:105} INFO - Job 262: Subtask fetch_book_data
[2024-12-03T03:24:17.075+0000] {task_command.py:467} INFO - Running <TaskInstance: fetch_and_store_amazon_books.fetch_book_data scheduled__2024-09-13T00:00:00+00:00 [running]> on host c2bf3343cf51
[2024-12-03T03:24:17.125+0000] {taskinstance.py:3132} INFO - Exporting env vars: AIRFLOW_CTX_DAG_OWNER='***' AIRFLOW_CTX_DAG_ID='fetch_and_store_amazon_books' AIRFLOW_CTX_TASK_ID='fetch_book_data' AIRFLOW_CTX_EXECUTION_DATE='2024-09-13T00:00:00+00:00' AIRFLOW_CTX_TRY_NUMBER='1' AIRFLOW_CTX_DAG_RUN_ID='scheduled__2024-09-13T00:00:00+00:00'
[2024-12-03T03:24:17.127+0000] {logging_mixin.py:190} INFO - Task instance is in running state
[2024-12-03T03:24:17.128+0000] {logging_mixin.py:190} INFO -  Previous state of the Task instance: queued
[2024-12-03T03:24:17.129+0000] {logging_mixin.py:190} INFO - Current task name:fetch_book_data state:running start_date:2024-12-03 03:24:16.999330+00:00
[2024-12-03T03:24:17.129+0000] {logging_mixin.py:190} INFO - Dag name:fetch_and_store_amazon_books and current dag run status:running
[2024-12-03T03:24:17.129+0000] {taskinstance.py:731} INFO - ::endgroup::
[2024-12-03T03:24:18.267+0000] {python.py:240} INFO - Done. Returned value was: None
[2024-12-03T03:24:18.282+0000] {taskinstance.py:340} INFO - ::group::Post task execution logs
[2024-12-03T03:24:18.283+0000] {taskinstance.py:352} INFO - Marking task as SUCCESS. dag_id=fetch_and_store_amazon_books, task_id=fetch_book_data, run_id=scheduled__2024-09-13T00:00:00+00:00, execution_date=20240913T000000, start_date=20241203T032416, end_date=20241203T032418
[2024-12-03T03:24:18.293+0000] {logging_mixin.py:190} INFO - Task instance in success state
[2024-12-03T03:24:18.293+0000] {logging_mixin.py:190} INFO -  Previous state of the Task instance: running
[2024-12-03T03:24:18.294+0000] {logging_mixin.py:190} INFO - Dag name:fetch_and_store_amazon_books queued_at:2024-12-03 03:24:14.493208+00:00
[2024-12-03T03:24:18.294+0000] {logging_mixin.py:190} INFO - Task hostname:c2bf3343cf51 operator:PythonOperator
[2024-12-03T03:24:18.313+0000] {local_task_job_runner.py:266} INFO - Task exited with return code 0
[2024-12-03T03:24:18.333+0000] {taskinstance.py:3895} INFO - 1 downstream tasks scheduled from follow-on schedule check
[2024-12-03T03:24:18.334+0000] {local_task_job_runner.py:245} INFO - ::endgroup::
