[2024-12-03T03:25:53.498+0000] {local_task_job_runner.py:123} INFO - ::group::Pre task execution logs
[2024-12-03T03:25:53.532+0000] {taskinstance.py:2613} INFO - Dependencies all met for dep_context=non-requeueable deps ti=<TaskInstance: fetch_and_store_amazon_books.create_table scheduled__2024-11-17T00:00:00+00:00 [queued]>
[2024-12-03T03:25:53.555+0000] {taskinstance.py:2613} INFO - Dependencies all met for dep_context=requeueable deps ti=<TaskInstance: fetch_and_store_amazon_books.create_table scheduled__2024-11-17T00:00:00+00:00 [queued]>
[2024-12-03T03:25:53.555+0000] {taskinstance.py:2866} INFO - Starting attempt 1 of 2
[2024-12-03T03:25:53.638+0000] {taskinstance.py:2889} INFO - Executing <Task(PostgresOperator): create_table> on 2024-11-17 00:00:00+00:00
[2024-12-03T03:25:53.652+0000] {warnings.py:112} WARNING - /home/***/.local/lib/python3.12/site-packages/***/task/task_runner/standard_task_runner.py:70: DeprecationWarning: This process (pid=2107) is multi-threaded, use of fork() may lead to deadlocks in the child.
  pid = os.fork()

[2024-12-03T03:25:53.658+0000] {standard_task_runner.py:72} INFO - Started process 2147 to run task
[2024-12-03T03:25:53.661+0000] {standard_task_runner.py:104} INFO - Running: ['***', 'tasks', 'run', 'fetch_and_store_amazon_books', 'create_table', 'scheduled__2024-11-17T00:00:00+00:00', '--job-id', '448', '--raw', '--subdir', 'DAGS_FOLDER/dags.py', '--cfg-path', '/tmp/tmp758lyfsm']
[2024-12-03T03:25:53.670+0000] {standard_task_runner.py:105} INFO - Job 448: Subtask create_table
[2024-12-03T03:25:53.846+0000] {task_command.py:467} INFO - Running <TaskInstance: fetch_and_store_amazon_books.create_table scheduled__2024-11-17T00:00:00+00:00 [running]> on host c2bf3343cf51
[2024-12-03T03:25:54.207+0000] {taskinstance.py:3132} INFO - Exporting env vars: AIRFLOW_CTX_DAG_OWNER='***' AIRFLOW_CTX_DAG_ID='fetch_and_store_amazon_books' AIRFLOW_CTX_TASK_ID='create_table' AIRFLOW_CTX_EXECUTION_DATE='2024-11-17T00:00:00+00:00' AIRFLOW_CTX_TRY_NUMBER='1' AIRFLOW_CTX_DAG_RUN_ID='scheduled__2024-11-17T00:00:00+00:00'
[2024-12-03T03:25:54.225+0000] {logging_mixin.py:190} INFO - Task instance is in running state
[2024-12-03T03:25:54.238+0000] {logging_mixin.py:190} INFO -  Previous state of the Task instance: queued
[2024-12-03T03:25:54.271+0000] {logging_mixin.py:190} INFO - Current task name:create_table state:running start_date:2024-12-03 03:25:53.536008+00:00
[2024-12-03T03:25:54.275+0000] {logging_mixin.py:190} INFO - Dag name:fetch_and_store_amazon_books and current dag run status:running
[2024-12-03T03:25:54.277+0000] {taskinstance.py:731} INFO - ::endgroup::
[2024-12-03T03:25:54.278+0000] {sql.py:278} INFO - Executing: 
    CREATE TABLE IF NOT EXISTS books (
        id SERIAL PRIMARY KEY,
        title TEXT NOT NULL,
        authors TEXT,
        price TEXT,
        rating TEXT
    );
    
[2024-12-03T03:25:54.372+0000] {base.py:84} INFO - Retrieving connection 'books_connection'
[2024-12-03T03:25:54.436+0000] {base.py:84} INFO - Retrieving connection 'books_connection'
[2024-12-03T03:25:54.453+0000] {sql.py:544} INFO - Running statement: 
    CREATE TABLE IF NOT EXISTS books (
        id SERIAL PRIMARY KEY,
        title TEXT NOT NULL,
        authors TEXT,
        price TEXT,
        rating TEXT
    );
    , parameters: None
[2024-12-03T03:25:54.515+0000] {taskinstance.py:340} INFO - ::group::Post task execution logs
[2024-12-03T03:25:54.519+0000] {taskinstance.py:352} INFO - Marking task as SUCCESS. dag_id=fetch_and_store_amazon_books, task_id=create_table, run_id=scheduled__2024-11-17T00:00:00+00:00, execution_date=20241117T000000, start_date=20241203T032553, end_date=20241203T032554
[2024-12-03T03:25:54.572+0000] {logging_mixin.py:190} INFO - Task instance in success state
[2024-12-03T03:25:54.587+0000] {logging_mixin.py:190} INFO -  Previous state of the Task instance: running
[2024-12-03T03:25:54.588+0000] {logging_mixin.py:190} INFO - Dag name:fetch_and_store_amazon_books queued_at:2024-12-03 03:25:39.745952+00:00
[2024-12-03T03:25:54.589+0000] {logging_mixin.py:190} INFO - Task hostname:c2bf3343cf51 operator:PostgresOperator
[2024-12-03T03:25:54.640+0000] {local_task_job_runner.py:266} INFO - Task exited with return code 0
[2024-12-03T03:25:54.731+0000] {taskinstance.py:3895} INFO - 1 downstream tasks scheduled from follow-on schedule check
[2024-12-03T03:25:54.746+0000] {local_task_job_runner.py:245} INFO - ::endgroup::
