[2024-12-03T03:26:04.659+0000] {local_task_job_runner.py:123} INFO - ::group::Pre task execution logs
[2024-12-03T03:26:04.673+0000] {taskinstance.py:2613} INFO - Dependencies all met for dep_context=non-requeueable deps ti=<TaskInstance: fetch_and_store_amazon_books.fetch_book_data scheduled__2024-11-23T00:00:00+00:00 [queued]>
[2024-12-03T03:26:04.681+0000] {taskinstance.py:2613} INFO - Dependencies all met for dep_context=requeueable deps ti=<TaskInstance: fetch_and_store_amazon_books.fetch_book_data scheduled__2024-11-23T00:00:00+00:00 [queued]>
[2024-12-03T03:26:04.681+0000] {taskinstance.py:2866} INFO - Starting attempt 1 of 2
[2024-12-03T03:26:04.700+0000] {taskinstance.py:2889} INFO - Executing <Task(PythonOperator): fetch_book_data> on 2024-11-23 00:00:00+00:00
[2024-12-03T03:26:04.716+0000] {warnings.py:112} WARNING - /home/***/.local/lib/python3.12/site-packages/***/task/task_runner/standard_task_runner.py:70: DeprecationWarning: This process (pid=2179) is multi-threaded, use of fork() may lead to deadlocks in the child.
  pid = os.fork()

[2024-12-03T03:26:04.718+0000] {standard_task_runner.py:72} INFO - Started process 2203 to run task
[2024-12-03T03:26:04.716+0000] {standard_task_runner.py:104} INFO - Running: ['***', 'tasks', 'run', 'fetch_and_store_amazon_books', 'fetch_book_data', 'scheduled__2024-11-23T00:00:00+00:00', '--job-id', '468', '--raw', '--subdir', 'DAGS_FOLDER/dags.py', '--cfg-path', '/tmp/tmpld0mdrqd']
[2024-12-03T03:26:04.723+0000] {standard_task_runner.py:105} INFO - Job 468: Subtask fetch_book_data
[2024-12-03T03:26:04.833+0000] {task_command.py:467} INFO - Running <TaskInstance: fetch_and_store_amazon_books.fetch_book_data scheduled__2024-11-23T00:00:00+00:00 [running]> on host c2bf3343cf51
[2024-12-03T03:26:05.247+0000] {taskinstance.py:3132} INFO - Exporting env vars: AIRFLOW_CTX_DAG_OWNER='***' AIRFLOW_CTX_DAG_ID='fetch_and_store_amazon_books' AIRFLOW_CTX_TASK_ID='fetch_book_data' AIRFLOW_CTX_EXECUTION_DATE='2024-11-23T00:00:00+00:00' AIRFLOW_CTX_TRY_NUMBER='1' AIRFLOW_CTX_DAG_RUN_ID='scheduled__2024-11-23T00:00:00+00:00'
[2024-12-03T03:26:05.249+0000] {logging_mixin.py:190} INFO - Task instance is in running state
[2024-12-03T03:26:05.250+0000] {logging_mixin.py:190} INFO -  Previous state of the Task instance: queued
[2024-12-03T03:26:05.252+0000] {logging_mixin.py:190} INFO - Current task name:fetch_book_data state:running start_date:2024-12-03 03:26:04.675057+00:00
[2024-12-03T03:26:05.257+0000] {logging_mixin.py:190} INFO - Dag name:fetch_and_store_amazon_books and current dag run status:running
[2024-12-03T03:26:05.258+0000] {taskinstance.py:731} INFO - ::endgroup::
[2024-12-03T03:26:08.423+0000] {python.py:240} INFO - Done. Returned value was: None
[2024-12-03T03:26:08.470+0000] {taskinstance.py:340} INFO - ::group::Post task execution logs
[2024-12-03T03:26:08.470+0000] {taskinstance.py:352} INFO - Marking task as SUCCESS. dag_id=fetch_and_store_amazon_books, task_id=fetch_book_data, run_id=scheduled__2024-11-23T00:00:00+00:00, execution_date=20241123T000000, start_date=20241203T032604, end_date=20241203T032608
[2024-12-03T03:26:08.517+0000] {logging_mixin.py:190} INFO - Task instance in success state
[2024-12-03T03:26:08.522+0000] {logging_mixin.py:190} INFO -  Previous state of the Task instance: running
[2024-12-03T03:26:08.527+0000] {logging_mixin.py:190} INFO - Dag name:fetch_and_store_amazon_books queued_at:2024-12-03 03:26:00.813020+00:00
[2024-12-03T03:26:08.541+0000] {logging_mixin.py:190} INFO - Task hostname:c2bf3343cf51 operator:PythonOperator
[2024-12-03T03:26:08.613+0000] {local_task_job_runner.py:266} INFO - Task exited with return code 0
[2024-12-03T03:26:08.774+0000] {taskinstance.py:3895} INFO - 1 downstream tasks scheduled from follow-on schedule check
[2024-12-03T03:26:08.791+0000] {local_task_job_runner.py:245} INFO - ::endgroup::
