[2024-12-03T03:25:12.420+0000] {local_task_job_runner.py:123} INFO - ::group::Pre task execution logs
[2024-12-03T03:25:12.474+0000] {taskinstance.py:2613} INFO - Dependencies all met for dep_context=non-requeueable deps ti=<TaskInstance: fetch_and_store_amazon_books.fetch_book_data scheduled__2024-10-17T00:00:00+00:00 [queued]>
[2024-12-03T03:25:12.529+0000] {taskinstance.py:2613} INFO - Dependencies all met for dep_context=requeueable deps ti=<TaskInstance: fetch_and_store_amazon_books.fetch_book_data scheduled__2024-10-17T00:00:00+00:00 [queued]>
[2024-12-03T03:25:12.534+0000] {taskinstance.py:2866} INFO - Starting attempt 1 of 2
[2024-12-03T03:25:12.642+0000] {taskinstance.py:2889} INFO - Executing <Task(PythonOperator): fetch_book_data> on 2024-10-17 00:00:00+00:00
[2024-12-03T03:25:12.702+0000] {warnings.py:112} WARNING - /home/***/.local/lib/python3.12/site-packages/***/task/task_runner/standard_task_runner.py:70: DeprecationWarning: This process (pid=1864) is multi-threaded, use of fork() may lead to deadlocks in the child.
  pid = os.fork()

[2024-12-03T03:25:12.708+0000] {standard_task_runner.py:72} INFO - Started process 1876 to run task
[2024-12-03T03:25:12.720+0000] {standard_task_runner.py:104} INFO - Running: ['***', 'tasks', 'run', 'fetch_and_store_amazon_books', 'fetch_book_data', 'scheduled__2024-10-17T00:00:00+00:00', '--job-id', '362', '--raw', '--subdir', 'DAGS_FOLDER/dags.py', '--cfg-path', '/tmp/tmpal4iyqx2']
[2024-12-03T03:25:12.725+0000] {standard_task_runner.py:105} INFO - Job 362: Subtask fetch_book_data
[2024-12-03T03:25:12.893+0000] {task_command.py:467} INFO - Running <TaskInstance: fetch_and_store_amazon_books.fetch_book_data scheduled__2024-10-17T00:00:00+00:00 [running]> on host c2bf3343cf51
[2024-12-03T03:25:13.288+0000] {taskinstance.py:3132} INFO - Exporting env vars: AIRFLOW_CTX_DAG_OWNER='***' AIRFLOW_CTX_DAG_ID='fetch_and_store_amazon_books' AIRFLOW_CTX_TASK_ID='fetch_book_data' AIRFLOW_CTX_EXECUTION_DATE='2024-10-17T00:00:00+00:00' AIRFLOW_CTX_TRY_NUMBER='1' AIRFLOW_CTX_DAG_RUN_ID='scheduled__2024-10-17T00:00:00+00:00'
[2024-12-03T03:25:13.295+0000] {logging_mixin.py:190} INFO - Task instance is in running state
[2024-12-03T03:25:13.304+0000] {logging_mixin.py:190} INFO -  Previous state of the Task instance: queued
[2024-12-03T03:25:13.305+0000] {logging_mixin.py:190} INFO - Current task name:fetch_book_data state:running start_date:2024-12-03 03:25:12.483025+00:00
[2024-12-03T03:25:13.313+0000] {logging_mixin.py:190} INFO - Dag name:fetch_and_store_amazon_books and current dag run status:running
[2024-12-03T03:25:13.317+0000] {taskinstance.py:731} INFO - ::endgroup::
[2024-12-03T03:25:15.033+0000] {python.py:240} INFO - Done. Returned value was: None
[2024-12-03T03:25:15.061+0000] {taskinstance.py:340} INFO - ::group::Post task execution logs
[2024-12-03T03:25:15.064+0000] {taskinstance.py:352} INFO - Marking task as SUCCESS. dag_id=fetch_and_store_amazon_books, task_id=fetch_book_data, run_id=scheduled__2024-10-17T00:00:00+00:00, execution_date=20241017T000000, start_date=20241203T032512, end_date=20241203T032515
[2024-12-03T03:25:15.115+0000] {logging_mixin.py:190} INFO - Task instance in success state
[2024-12-03T03:25:15.120+0000] {logging_mixin.py:190} INFO -  Previous state of the Task instance: running
[2024-12-03T03:25:15.125+0000] {logging_mixin.py:190} INFO - Dag name:fetch_and_store_amazon_books queued_at:2024-12-03 03:25:10.433327+00:00
[2024-12-03T03:25:15.133+0000] {logging_mixin.py:190} INFO - Task hostname:c2bf3343cf51 operator:PythonOperator
[2024-12-03T03:25:15.208+0000] {local_task_job_runner.py:266} INFO - Task exited with return code 0
[2024-12-03T03:25:15.426+0000] {taskinstance.py:3895} INFO - 1 downstream tasks scheduled from follow-on schedule check
[2024-12-03T03:25:15.442+0000] {local_task_job_runner.py:245} INFO - ::endgroup::
