[2024-12-03T03:26:12.600+0000] {local_task_job_runner.py:123} INFO - ::group::Pre task execution logs
[2024-12-03T03:26:12.633+0000] {taskinstance.py:2613} INFO - Dependencies all met for dep_context=non-requeueable deps ti=<TaskInstance: fetch_and_store_amazon_books.create_table scheduled__2024-11-18T00:00:00+00:00 [queued]>
[2024-12-03T03:26:12.652+0000] {taskinstance.py:2613} INFO - Dependencies all met for dep_context=requeueable deps ti=<TaskInstance: fetch_and_store_amazon_books.create_table scheduled__2024-11-18T00:00:00+00:00 [queued]>
[2024-12-03T03:26:12.654+0000] {taskinstance.py:2866} INFO - Starting attempt 1 of 2
[2024-12-03T03:26:12.719+0000] {taskinstance.py:2889} INFO - Executing <Task(PostgresOperator): create_table> on 2024-11-18 00:00:00+00:00
[2024-12-03T03:26:12.730+0000] {warnings.py:112} WARNING - /home/***/.local/lib/python3.12/site-packages/***/task/task_runner/standard_task_runner.py:70: DeprecationWarning: This process (pid=2220) is multi-threaded, use of fork() may lead to deadlocks in the child.
  pid = os.fork()

[2024-12-03T03:26:12.744+0000] {standard_task_runner.py:72} INFO - Started process 2240 to run task
[2024-12-03T03:26:12.740+0000] {standard_task_runner.py:104} INFO - Running: ['***', 'tasks', 'run', 'fetch_and_store_amazon_books', 'create_table', 'scheduled__2024-11-18T00:00:00+00:00', '--job-id', '479', '--raw', '--subdir', 'DAGS_FOLDER/dags.py', '--cfg-path', '/tmp/tmp0yzv20oo']
[2024-12-03T03:26:12.756+0000] {standard_task_runner.py:105} INFO - Job 479: Subtask create_table
[2024-12-03T03:26:12.922+0000] {task_command.py:467} INFO - Running <TaskInstance: fetch_and_store_amazon_books.create_table scheduled__2024-11-18T00:00:00+00:00 [running]> on host c2bf3343cf51
[2024-12-03T03:26:13.156+0000] {taskinstance.py:3132} INFO - Exporting env vars: AIRFLOW_CTX_DAG_OWNER='***' AIRFLOW_CTX_DAG_ID='fetch_and_store_amazon_books' AIRFLOW_CTX_TASK_ID='create_table' AIRFLOW_CTX_EXECUTION_DATE='2024-11-18T00:00:00+00:00' AIRFLOW_CTX_TRY_NUMBER='1' AIRFLOW_CTX_DAG_RUN_ID='scheduled__2024-11-18T00:00:00+00:00'
[2024-12-03T03:26:13.166+0000] {logging_mixin.py:190} INFO - Task instance is in running state
[2024-12-03T03:26:13.180+0000] {logging_mixin.py:190} INFO -  Previous state of the Task instance: queued
[2024-12-03T03:26:13.181+0000] {logging_mixin.py:190} INFO - Current task name:create_table state:running start_date:2024-12-03 03:26:12.641578+00:00
[2024-12-03T03:26:13.189+0000] {logging_mixin.py:190} INFO - Dag name:fetch_and_store_amazon_books and current dag run status:running
[2024-12-03T03:26:13.193+0000] {taskinstance.py:731} INFO - ::endgroup::
[2024-12-03T03:26:13.197+0000] {sql.py:278} INFO - Executing: 
    CREATE TABLE IF NOT EXISTS books (
        id SERIAL PRIMARY KEY,
        title TEXT NOT NULL,
        authors TEXT,
        price TEXT,
        rating TEXT
    );
    
[2024-12-03T03:26:13.247+0000] {base.py:84} INFO - Retrieving connection 'books_connection'
[2024-12-03T03:26:13.278+0000] {base.py:84} INFO - Retrieving connection 'books_connection'
[2024-12-03T03:26:13.282+0000] {sql.py:544} INFO - Running statement: 
    CREATE TABLE IF NOT EXISTS books (
        id SERIAL PRIMARY KEY,
        title TEXT NOT NULL,
        authors TEXT,
        price TEXT,
        rating TEXT
    );
    , parameters: None
[2024-12-03T03:26:13.380+0000] {taskinstance.py:340} INFO - ::group::Post task execution logs
[2024-12-03T03:26:13.387+0000] {taskinstance.py:352} INFO - Marking task as SUCCESS. dag_id=fetch_and_store_amazon_books, task_id=create_table, run_id=scheduled__2024-11-18T00:00:00+00:00, execution_date=20241118T000000, start_date=20241203T032612, end_date=20241203T032613
[2024-12-03T03:26:13.444+0000] {logging_mixin.py:190} INFO - Task instance in success state
[2024-12-03T03:26:13.449+0000] {logging_mixin.py:190} INFO -  Previous state of the Task instance: running
[2024-12-03T03:26:13.456+0000] {logging_mixin.py:190} INFO - Dag name:fetch_and_store_amazon_books queued_at:2024-12-03 03:26:00.407334+00:00
[2024-12-03T03:26:13.459+0000] {logging_mixin.py:190} INFO - Task hostname:c2bf3343cf51 operator:PostgresOperator
[2024-12-03T03:26:13.523+0000] {local_task_job_runner.py:266} INFO - Task exited with return code 0
[2024-12-03T03:26:13.606+0000] {taskinstance.py:3895} INFO - 1 downstream tasks scheduled from follow-on schedule check
[2024-12-03T03:26:13.630+0000] {local_task_job_runner.py:245} INFO - ::endgroup::
