[2024-12-03T03:23:04.622+0000] {local_task_job_runner.py:123} INFO - ::group::Pre task execution logs
[2024-12-03T03:23:04.716+0000] {taskinstance.py:2613} INFO - Dependencies all met for dep_context=non-requeueable deps ti=<TaskInstance: fetch_and_store_amazon_books.fetch_book_data scheduled__2024-07-25T00:00:00+00:00 [queued]>
[2024-12-03T03:23:04.810+0000] {taskinstance.py:2613} INFO - Dependencies all met for dep_context=requeueable deps ti=<TaskInstance: fetch_and_store_amazon_books.fetch_book_data scheduled__2024-07-25T00:00:00+00:00 [queued]>
[2024-12-03T03:23:04.819+0000] {taskinstance.py:2866} INFO - Starting attempt 1 of 2
[2024-12-03T03:23:04.871+0000] {taskinstance.py:2889} INFO - Executing <Task(PythonOperator): fetch_book_data> on 2024-07-25 00:00:00+00:00
[2024-12-03T03:23:04.905+0000] {warnings.py:112} WARNING - /home/***/.local/lib/python3.12/site-packages/***/task/task_runner/standard_task_runner.py:70: DeprecationWarning: This process (pid=1066) is multi-threaded, use of fork() may lead to deadlocks in the child.
  pid = os.fork()

[2024-12-03T03:23:04.912+0000] {standard_task_runner.py:72} INFO - Started process 1086 to run task
[2024-12-03T03:23:04.925+0000] {standard_task_runner.py:104} INFO - Running: ['***', 'tasks', 'run', 'fetch_and_store_amazon_books', 'fetch_book_data', 'scheduled__2024-07-25T00:00:00+00:00', '--job-id', '106', '--raw', '--subdir', 'DAGS_FOLDER/dags.py', '--cfg-path', '/tmp/tmpvobssm62']
[2024-12-03T03:23:04.940+0000] {standard_task_runner.py:105} INFO - Job 106: Subtask fetch_book_data
[2024-12-03T03:23:05.145+0000] {task_command.py:467} INFO - Running <TaskInstance: fetch_and_store_amazon_books.fetch_book_data scheduled__2024-07-25T00:00:00+00:00 [running]> on host c2bf3343cf51
[2024-12-03T03:23:05.493+0000] {taskinstance.py:3132} INFO - Exporting env vars: AIRFLOW_CTX_DAG_OWNER='***' AIRFLOW_CTX_DAG_ID='fetch_and_store_amazon_books' AIRFLOW_CTX_TASK_ID='fetch_book_data' AIRFLOW_CTX_EXECUTION_DATE='2024-07-25T00:00:00+00:00' AIRFLOW_CTX_TRY_NUMBER='1' AIRFLOW_CTX_DAG_RUN_ID='scheduled__2024-07-25T00:00:00+00:00'
[2024-12-03T03:23:05.517+0000] {logging_mixin.py:190} INFO - Task instance is in running state
[2024-12-03T03:23:05.523+0000] {logging_mixin.py:190} INFO -  Previous state of the Task instance: queued
[2024-12-03T03:23:05.535+0000] {logging_mixin.py:190} INFO - Current task name:fetch_book_data state:running start_date:2024-12-03 03:23:04.725131+00:00
[2024-12-03T03:23:05.538+0000] {logging_mixin.py:190} INFO - Dag name:fetch_and_store_amazon_books and current dag run status:running
[2024-12-03T03:23:05.553+0000] {taskinstance.py:731} INFO - ::endgroup::
[2024-12-03T03:23:07.821+0000] {python.py:240} INFO - Done. Returned value was: None
[2024-12-03T03:23:07.859+0000] {taskinstance.py:340} INFO - ::group::Post task execution logs
[2024-12-03T03:23:07.860+0000] {taskinstance.py:352} INFO - Marking task as SUCCESS. dag_id=fetch_and_store_amazon_books, task_id=fetch_book_data, run_id=scheduled__2024-07-25T00:00:00+00:00, execution_date=20240725T000000, start_date=20241203T032304, end_date=20241203T032307
[2024-12-03T03:23:07.912+0000] {logging_mixin.py:190} INFO - Task instance in success state
[2024-12-03T03:23:07.913+0000] {logging_mixin.py:190} INFO -  Previous state of the Task instance: running
[2024-12-03T03:23:07.913+0000] {logging_mixin.py:190} INFO - Dag name:fetch_and_store_amazon_books queued_at:2024-12-03 03:23:01.263557+00:00
[2024-12-03T03:23:07.913+0000] {logging_mixin.py:190} INFO - Task hostname:c2bf3343cf51 operator:PythonOperator
[2024-12-03T03:23:07.971+0000] {local_task_job_runner.py:266} INFO - Task exited with return code 0
[2024-12-03T03:23:08.035+0000] {taskinstance.py:3895} INFO - 1 downstream tasks scheduled from follow-on schedule check
[2024-12-03T03:23:08.076+0000] {local_task_job_runner.py:245} INFO - ::endgroup::
