[2024-12-03T03:23:11.905+0000] {local_task_job_runner.py:123} INFO - ::group::Pre task execution logs
[2024-12-03T03:23:11.926+0000] {taskinstance.py:2613} INFO - Dependencies all met for dep_context=non-requeueable deps ti=<TaskInstance: fetch_and_store_amazon_books.create_table scheduled__2024-07-26T00:00:00+00:00 [queued]>
[2024-12-03T03:23:11.932+0000] {taskinstance.py:2613} INFO - Dependencies all met for dep_context=requeueable deps ti=<TaskInstance: fetch_and_store_amazon_books.create_table scheduled__2024-07-26T00:00:00+00:00 [queued]>
[2024-12-03T03:23:11.933+0000] {taskinstance.py:2866} INFO - Starting attempt 1 of 2
[2024-12-03T03:23:11.961+0000] {taskinstance.py:2889} INFO - Executing <Task(PostgresOperator): create_table> on 2024-07-26 00:00:00+00:00
[2024-12-03T03:23:11.985+0000] {warnings.py:112} WARNING - /home/***/.local/lib/python3.12/site-packages/***/task/task_runner/standard_task_runner.py:70: DeprecationWarning: This process (pid=1103) is multi-threaded, use of fork() may lead to deadlocks in the child.
  pid = os.fork()

[2024-12-03T03:23:11.986+0000] {standard_task_runner.py:72} INFO - Started process 1124 to run task
[2024-12-03T03:23:11.989+0000] {standard_task_runner.py:104} INFO - Running: ['***', 'tasks', 'run', 'fetch_and_store_amazon_books', 'create_table', 'scheduled__2024-07-26T00:00:00+00:00', '--job-id', '120', '--raw', '--subdir', 'DAGS_FOLDER/dags.py', '--cfg-path', '/tmp/tmpxqyyd7ly']
[2024-12-03T03:23:11.999+0000] {standard_task_runner.py:105} INFO - Job 120: Subtask create_table
[2024-12-03T03:23:12.142+0000] {task_command.py:467} INFO - Running <TaskInstance: fetch_and_store_amazon_books.create_table scheduled__2024-07-26T00:00:00+00:00 [running]> on host c2bf3343cf51
[2024-12-03T03:23:12.292+0000] {taskinstance.py:3132} INFO - Exporting env vars: AIRFLOW_CTX_DAG_OWNER='***' AIRFLOW_CTX_DAG_ID='fetch_and_store_amazon_books' AIRFLOW_CTX_TASK_ID='create_table' AIRFLOW_CTX_EXECUTION_DATE='2024-07-26T00:00:00+00:00' AIRFLOW_CTX_TRY_NUMBER='1' AIRFLOW_CTX_DAG_RUN_ID='scheduled__2024-07-26T00:00:00+00:00'
[2024-12-03T03:23:12.297+0000] {logging_mixin.py:190} INFO - Task instance is in running state
[2024-12-03T03:23:12.306+0000] {logging_mixin.py:190} INFO -  Previous state of the Task instance: queued
[2024-12-03T03:23:12.311+0000] {logging_mixin.py:190} INFO - Current task name:create_table state:running start_date:2024-12-03 03:23:11.927436+00:00
[2024-12-03T03:23:12.330+0000] {logging_mixin.py:190} INFO - Dag name:fetch_and_store_amazon_books and current dag run status:running
[2024-12-03T03:23:12.333+0000] {taskinstance.py:731} INFO - ::endgroup::
[2024-12-03T03:23:12.334+0000] {sql.py:278} INFO - Executing: 
    CREATE TABLE IF NOT EXISTS books (
        id SERIAL PRIMARY KEY,
        title TEXT NOT NULL,
        authors TEXT,
        price TEXT,
        rating TEXT
    );
    
[2024-12-03T03:23:12.359+0000] {base.py:84} INFO - Retrieving connection 'books_connection'
[2024-12-03T03:23:12.373+0000] {base.py:84} INFO - Retrieving connection 'books_connection'
[2024-12-03T03:23:12.384+0000] {sql.py:544} INFO - Running statement: 
    CREATE TABLE IF NOT EXISTS books (
        id SERIAL PRIMARY KEY,
        title TEXT NOT NULL,
        authors TEXT,
        price TEXT,
        rating TEXT
    );
    , parameters: None
[2024-12-03T03:23:12.413+0000] {taskinstance.py:340} INFO - ::group::Post task execution logs
[2024-12-03T03:23:12.414+0000] {taskinstance.py:352} INFO - Marking task as SUCCESS. dag_id=fetch_and_store_amazon_books, task_id=create_table, run_id=scheduled__2024-07-26T00:00:00+00:00, execution_date=20240726T000000, start_date=20241203T032311, end_date=20241203T032312
[2024-12-03T03:23:12.454+0000] {logging_mixin.py:190} INFO - Task instance in success state
[2024-12-03T03:23:12.455+0000] {logging_mixin.py:190} INFO -  Previous state of the Task instance: running
[2024-12-03T03:23:12.459+0000] {logging_mixin.py:190} INFO - Dag name:fetch_and_store_amazon_books queued_at:2024-12-03 03:23:01.368357+00:00
[2024-12-03T03:23:12.461+0000] {logging_mixin.py:190} INFO - Task hostname:c2bf3343cf51 operator:PostgresOperator
[2024-12-03T03:23:12.524+0000] {local_task_job_runner.py:266} INFO - Task exited with return code 0
[2024-12-03T03:23:12.566+0000] {local_task_job_runner.py:245} INFO - ::endgroup::
