[2024-12-03T03:22:49.257+0000] {local_task_job_runner.py:123} INFO - ::group::Pre task execution logs
[2024-12-03T03:22:49.322+0000] {taskinstance.py:2613} INFO - Dependencies all met for dep_context=non-requeueable deps ti=<TaskInstance: fetch_and_store_amazon_books.fetch_book_data scheduled__2024-07-17T00:00:00+00:00 [queued]>
[2024-12-03T03:22:49.365+0000] {taskinstance.py:2613} INFO - Dependencies all met for dep_context=requeueable deps ti=<TaskInstance: fetch_and_store_amazon_books.fetch_book_data scheduled__2024-07-17T00:00:00+00:00 [queued]>
[2024-12-03T03:22:49.369+0000] {taskinstance.py:2866} INFO - Starting attempt 1 of 2
[2024-12-03T03:22:49.442+0000] {taskinstance.py:2889} INFO - Executing <Task(PythonOperator): fetch_book_data> on 2024-07-17 00:00:00+00:00
[2024-12-03T03:22:49.460+0000] {warnings.py:112} WARNING - /home/***/.local/lib/python3.12/site-packages/***/task/task_runner/standard_task_runner.py:70: DeprecationWarning: This process (pid=919) is multi-threaded, use of fork() may lead to deadlocks in the child.
  pid = os.fork()

[2024-12-03T03:22:49.461+0000] {standard_task_runner.py:72} INFO - Started process 976 to run task
[2024-12-03T03:22:49.477+0000] {standard_task_runner.py:104} INFO - Running: ['***', 'tasks', 'run', 'fetch_and_store_amazon_books', 'fetch_book_data', 'scheduled__2024-07-17T00:00:00+00:00', '--job-id', '71', '--raw', '--subdir', 'DAGS_FOLDER/dags.py', '--cfg-path', '/tmp/tmpbl02i3ko']
[2024-12-03T03:22:49.498+0000] {standard_task_runner.py:105} INFO - Job 71: Subtask fetch_book_data
[2024-12-03T03:22:49.627+0000] {task_command.py:467} INFO - Running <TaskInstance: fetch_and_store_amazon_books.fetch_book_data scheduled__2024-07-17T00:00:00+00:00 [running]> on host c2bf3343cf51
[2024-12-03T03:22:49.773+0000] {taskinstance.py:3132} INFO - Exporting env vars: AIRFLOW_CTX_DAG_OWNER='***' AIRFLOW_CTX_DAG_ID='fetch_and_store_amazon_books' AIRFLOW_CTX_TASK_ID='fetch_book_data' AIRFLOW_CTX_EXECUTION_DATE='2024-07-17T00:00:00+00:00' AIRFLOW_CTX_TRY_NUMBER='1' AIRFLOW_CTX_DAG_RUN_ID='scheduled__2024-07-17T00:00:00+00:00'
[2024-12-03T03:22:49.777+0000] {logging_mixin.py:190} INFO - Task instance is in running state
[2024-12-03T03:22:49.784+0000] {logging_mixin.py:190} INFO -  Previous state of the Task instance: queued
[2024-12-03T03:22:49.795+0000] {logging_mixin.py:190} INFO - Current task name:fetch_book_data state:running start_date:2024-12-03 03:22:49.324778+00:00
[2024-12-03T03:22:49.796+0000] {logging_mixin.py:190} INFO - Dag name:fetch_and_store_amazon_books and current dag run status:running
[2024-12-03T03:22:49.796+0000] {taskinstance.py:731} INFO - ::endgroup::
[2024-12-03T03:22:51.192+0000] {python.py:240} INFO - Done. Returned value was: None
[2024-12-03T03:22:51.212+0000] {taskinstance.py:340} INFO - ::group::Post task execution logs
[2024-12-03T03:22:51.213+0000] {taskinstance.py:352} INFO - Marking task as SUCCESS. dag_id=fetch_and_store_amazon_books, task_id=fetch_book_data, run_id=scheduled__2024-07-17T00:00:00+00:00, execution_date=20240717T000000, start_date=20241203T032249, end_date=20241203T032251
[2024-12-03T03:22:51.226+0000] {logging_mixin.py:190} INFO - Task instance in success state
[2024-12-03T03:22:51.228+0000] {logging_mixin.py:190} INFO -  Previous state of the Task instance: running
[2024-12-03T03:22:51.229+0000] {logging_mixin.py:190} INFO - Dag name:fetch_and_store_amazon_books queued_at:2024-12-03 03:22:41.715232+00:00
[2024-12-03T03:22:51.229+0000] {logging_mixin.py:190} INFO - Task hostname:c2bf3343cf51 operator:PythonOperator
[2024-12-03T03:22:51.270+0000] {local_task_job_runner.py:266} INFO - Task exited with return code 0
[2024-12-03T03:22:51.311+0000] {taskinstance.py:3895} INFO - 1 downstream tasks scheduled from follow-on schedule check
[2024-12-03T03:22:51.315+0000] {local_task_job_runner.py:245} INFO - ::endgroup::
