[2024-12-03T03:26:06.508+0000] {local_task_job_runner.py:123} INFO - ::group::Pre task execution logs
[2024-12-03T03:26:06.566+0000] {taskinstance.py:2613} INFO - Dependencies all met for dep_context=non-requeueable deps ti=<TaskInstance: fetch_and_store_amazon_books.fetch_book_data scheduled__2024-12-02T00:00:00+00:00 [queued]>
[2024-12-03T03:26:06.574+0000] {taskinstance.py:2613} INFO - Dependencies all met for dep_context=requeueable deps ti=<TaskInstance: fetch_and_store_amazon_books.fetch_book_data scheduled__2024-12-02T00:00:00+00:00 [queued]>
[2024-12-03T03:26:06.574+0000] {taskinstance.py:2866} INFO - Starting attempt 1 of 2
[2024-12-03T03:26:06.588+0000] {taskinstance.py:2889} INFO - Executing <Task(PythonOperator): fetch_book_data> on 2024-12-02 00:00:00+00:00
[2024-12-03T03:26:06.607+0000] {standard_task_runner.py:104} INFO - Running: ['***', 'tasks', 'run', 'fetch_and_store_amazon_books', 'fetch_book_data', 'scheduled__2024-12-02T00:00:00+00:00', '--job-id', '475', '--raw', '--subdir', 'DAGS_FOLDER/dags.py', '--cfg-path', '/tmp/tmpmevieznj']
[2024-12-03T03:26:06.621+0000] {standard_task_runner.py:105} INFO - Job 475: Subtask fetch_book_data
[2024-12-03T03:26:06.603+0000] {warnings.py:112} WARNING - /home/***/.local/lib/python3.12/site-packages/***/task/task_runner/standard_task_runner.py:70: DeprecationWarning: This process (pid=2188) is multi-threaded, use of fork() may lead to deadlocks in the child.
  pid = os.fork()

[2024-12-03T03:26:06.630+0000] {standard_task_runner.py:72} INFO - Started process 2218 to run task
[2024-12-03T03:26:06.705+0000] {task_command.py:467} INFO - Running <TaskInstance: fetch_and_store_amazon_books.fetch_book_data scheduled__2024-12-02T00:00:00+00:00 [running]> on host c2bf3343cf51
[2024-12-03T03:26:06.828+0000] {taskinstance.py:3132} INFO - Exporting env vars: AIRFLOW_CTX_DAG_OWNER='***' AIRFLOW_CTX_DAG_ID='fetch_and_store_amazon_books' AIRFLOW_CTX_TASK_ID='fetch_book_data' AIRFLOW_CTX_EXECUTION_DATE='2024-12-02T00:00:00+00:00' AIRFLOW_CTX_TRY_NUMBER='1' AIRFLOW_CTX_DAG_RUN_ID='scheduled__2024-12-02T00:00:00+00:00'
[2024-12-03T03:26:06.834+0000] {logging_mixin.py:190} INFO - Task instance is in running state
[2024-12-03T03:26:06.838+0000] {logging_mixin.py:190} INFO -  Previous state of the Task instance: queued
[2024-12-03T03:26:06.838+0000] {logging_mixin.py:190} INFO - Current task name:fetch_book_data state:running start_date:2024-12-03 03:26:06.568883+00:00
[2024-12-03T03:26:06.839+0000] {logging_mixin.py:190} INFO - Dag name:fetch_and_store_amazon_books and current dag run status:running
[2024-12-03T03:26:06.840+0000] {taskinstance.py:731} INFO - ::endgroup::
[2024-12-03T03:26:09.090+0000] {python.py:240} INFO - Done. Returned value was: None
[2024-12-03T03:26:09.172+0000] {taskinstance.py:340} INFO - ::group::Post task execution logs
[2024-12-03T03:26:09.183+0000] {taskinstance.py:352} INFO - Marking task as SUCCESS. dag_id=fetch_and_store_amazon_books, task_id=fetch_book_data, run_id=scheduled__2024-12-02T00:00:00+00:00, execution_date=20241202T000000, start_date=20241203T032606, end_date=20241203T032609
[2024-12-03T03:26:09.334+0000] {logging_mixin.py:190} INFO - Task instance in success state
[2024-12-03T03:26:09.345+0000] {logging_mixin.py:190} INFO -  Previous state of the Task instance: running
[2024-12-03T03:26:09.349+0000] {logging_mixin.py:190} INFO - Dag name:fetch_and_store_amazon_books queued_at:2024-12-03 03:26:02.537954+00:00
[2024-12-03T03:26:09.350+0000] {logging_mixin.py:190} INFO - Task hostname:c2bf3343cf51 operator:PythonOperator
[2024-12-03T03:26:09.474+0000] {local_task_job_runner.py:266} INFO - Task exited with return code 0
[2024-12-03T03:26:09.687+0000] {taskinstance.py:3895} INFO - 1 downstream tasks scheduled from follow-on schedule check
[2024-12-03T03:26:09.706+0000] {local_task_job_runner.py:245} INFO - ::endgroup::
