[2024-12-03T03:25:43.685+0000] {local_task_job_runner.py:123} INFO - ::group::Pre task execution logs
[2024-12-03T03:25:43.717+0000] {taskinstance.py:2613} INFO - Dependencies all met for dep_context=non-requeueable deps ti=<TaskInstance: fetch_and_store_amazon_books.fetch_book_data scheduled__2024-11-17T00:00:00+00:00 [queued]>
[2024-12-03T03:25:43.740+0000] {taskinstance.py:2613} INFO - Dependencies all met for dep_context=requeueable deps ti=<TaskInstance: fetch_and_store_amazon_books.fetch_book_data scheduled__2024-11-17T00:00:00+00:00 [queued]>
[2024-12-03T03:25:43.742+0000] {taskinstance.py:2866} INFO - Starting attempt 1 of 2
[2024-12-03T03:25:43.848+0000] {taskinstance.py:2889} INFO - Executing <Task(PythonOperator): fetch_book_data> on 2024-11-17 00:00:00+00:00
[2024-12-03T03:25:43.872+0000] {warnings.py:112} WARNING - /home/***/.local/lib/python3.12/site-packages/***/task/task_runner/standard_task_runner.py:70: DeprecationWarning: This process (pid=2042) is multi-threaded, use of fork() may lead to deadlocks in the child.
  pid = os.fork()

[2024-12-03T03:25:43.879+0000] {standard_task_runner.py:72} INFO - Started process 2072 to run task
[2024-12-03T03:25:43.884+0000] {standard_task_runner.py:104} INFO - Running: ['***', 'tasks', 'run', 'fetch_and_store_amazon_books', 'fetch_book_data', 'scheduled__2024-11-17T00:00:00+00:00', '--job-id', '428', '--raw', '--subdir', 'DAGS_FOLDER/dags.py', '--cfg-path', '/tmp/tmpfpcbok0q']
[2024-12-03T03:25:43.891+0000] {standard_task_runner.py:105} INFO - Job 428: Subtask fetch_book_data
[2024-12-03T03:25:44.146+0000] {task_command.py:467} INFO - Running <TaskInstance: fetch_and_store_amazon_books.fetch_book_data scheduled__2024-11-17T00:00:00+00:00 [running]> on host c2bf3343cf51
[2024-12-03T03:25:44.438+0000] {taskinstance.py:3132} INFO - Exporting env vars: AIRFLOW_CTX_DAG_OWNER='***' AIRFLOW_CTX_DAG_ID='fetch_and_store_amazon_books' AIRFLOW_CTX_TASK_ID='fetch_book_data' AIRFLOW_CTX_EXECUTION_DATE='2024-11-17T00:00:00+00:00' AIRFLOW_CTX_TRY_NUMBER='1' AIRFLOW_CTX_DAG_RUN_ID='scheduled__2024-11-17T00:00:00+00:00'
[2024-12-03T03:25:44.447+0000] {logging_mixin.py:190} INFO - Task instance is in running state
[2024-12-03T03:25:44.459+0000] {logging_mixin.py:190} INFO -  Previous state of the Task instance: queued
[2024-12-03T03:25:44.470+0000] {logging_mixin.py:190} INFO - Current task name:fetch_book_data state:running start_date:2024-12-03 03:25:43.720716+00:00
[2024-12-03T03:25:44.473+0000] {logging_mixin.py:190} INFO - Dag name:fetch_and_store_amazon_books and current dag run status:running
[2024-12-03T03:25:44.486+0000] {taskinstance.py:731} INFO - ::endgroup::
[2024-12-03T03:25:48.017+0000] {python.py:240} INFO - Done. Returned value was: None
[2024-12-03T03:25:48.069+0000] {taskinstance.py:340} INFO - ::group::Post task execution logs
[2024-12-03T03:25:48.077+0000] {taskinstance.py:352} INFO - Marking task as SUCCESS. dag_id=fetch_and_store_amazon_books, task_id=fetch_book_data, run_id=scheduled__2024-11-17T00:00:00+00:00, execution_date=20241117T000000, start_date=20241203T032543, end_date=20241203T032548
[2024-12-03T03:25:48.115+0000] {logging_mixin.py:190} INFO - Task instance in success state
[2024-12-03T03:25:48.117+0000] {logging_mixin.py:190} INFO -  Previous state of the Task instance: running
[2024-12-03T03:25:48.118+0000] {logging_mixin.py:190} INFO - Dag name:fetch_and_store_amazon_books queued_at:2024-12-03 03:25:39.745952+00:00
[2024-12-03T03:25:48.118+0000] {logging_mixin.py:190} INFO - Task hostname:c2bf3343cf51 operator:PythonOperator
[2024-12-03T03:25:48.148+0000] {local_task_job_runner.py:266} INFO - Task exited with return code 0
[2024-12-03T03:25:48.226+0000] {taskinstance.py:3895} INFO - 1 downstream tasks scheduled from follow-on schedule check
[2024-12-03T03:25:48.238+0000] {local_task_job_runner.py:245} INFO - ::endgroup::
