[2024-12-03T03:26:12.543+0000] {local_task_job_runner.py:123} INFO - ::group::Pre task execution logs
[2024-12-03T03:26:12.596+0000] {taskinstance.py:2613} INFO - Dependencies all met for dep_context=non-requeueable deps ti=<TaskInstance: fetch_and_store_amazon_books.create_table scheduled__2024-11-20T00:00:00+00:00 [queued]>
[2024-12-03T03:26:12.601+0000] {taskinstance.py:2613} INFO - Dependencies all met for dep_context=requeueable deps ti=<TaskInstance: fetch_and_store_amazon_books.create_table scheduled__2024-11-20T00:00:00+00:00 [queued]>
[2024-12-03T03:26:12.603+0000] {taskinstance.py:2866} INFO - Starting attempt 1 of 2
[2024-12-03T03:26:12.701+0000] {taskinstance.py:2889} INFO - Executing <Task(PostgresOperator): create_table> on 2024-11-20 00:00:00+00:00
[2024-12-03T03:26:12.716+0000] {warnings.py:112} WARNING - /home/***/.local/lib/python3.12/site-packages/***/task/task_runner/standard_task_runner.py:70: DeprecationWarning: This process (pid=2225) is multi-threaded, use of fork() may lead to deadlocks in the child.
  pid = os.fork()

[2024-12-03T03:26:12.722+0000] {standard_task_runner.py:72} INFO - Started process 2239 to run task
[2024-12-03T03:26:12.734+0000] {standard_task_runner.py:104} INFO - Running: ['***', 'tasks', 'run', 'fetch_and_store_amazon_books', 'create_table', 'scheduled__2024-11-20T00:00:00+00:00', '--job-id', '478', '--raw', '--subdir', 'DAGS_FOLDER/dags.py', '--cfg-path', '/tmp/tmpjygqix0w']
[2024-12-03T03:26:12.737+0000] {standard_task_runner.py:105} INFO - Job 478: Subtask create_table
[2024-12-03T03:26:12.920+0000] {task_command.py:467} INFO - Running <TaskInstance: fetch_and_store_amazon_books.create_table scheduled__2024-11-20T00:00:00+00:00 [running]> on host c2bf3343cf51
[2024-12-03T03:26:13.207+0000] {taskinstance.py:3132} INFO - Exporting env vars: AIRFLOW_CTX_DAG_OWNER='***' AIRFLOW_CTX_DAG_ID='fetch_and_store_amazon_books' AIRFLOW_CTX_TASK_ID='create_table' AIRFLOW_CTX_EXECUTION_DATE='2024-11-20T00:00:00+00:00' AIRFLOW_CTX_TRY_NUMBER='1' AIRFLOW_CTX_DAG_RUN_ID='scheduled__2024-11-20T00:00:00+00:00'
[2024-12-03T03:26:13.211+0000] {logging_mixin.py:190} INFO - Task instance is in running state
[2024-12-03T03:26:13.214+0000] {logging_mixin.py:190} INFO -  Previous state of the Task instance: queued
[2024-12-03T03:26:13.215+0000] {logging_mixin.py:190} INFO - Current task name:create_table state:running start_date:2024-12-03 03:26:12.597207+00:00
[2024-12-03T03:26:13.216+0000] {logging_mixin.py:190} INFO - Dag name:fetch_and_store_amazon_books and current dag run status:running
[2024-12-03T03:26:13.217+0000] {taskinstance.py:731} INFO - ::endgroup::
[2024-12-03T03:26:13.220+0000] {sql.py:278} INFO - Executing: 
    CREATE TABLE IF NOT EXISTS books (
        id SERIAL PRIMARY KEY,
        title TEXT NOT NULL,
        authors TEXT,
        price TEXT,
        rating TEXT
    );
    
[2024-12-03T03:26:13.243+0000] {base.py:84} INFO - Retrieving connection 'books_connection'
[2024-12-03T03:26:13.283+0000] {base.py:84} INFO - Retrieving connection 'books_connection'
[2024-12-03T03:26:13.315+0000] {sql.py:544} INFO - Running statement: 
    CREATE TABLE IF NOT EXISTS books (
        id SERIAL PRIMARY KEY,
        title TEXT NOT NULL,
        authors TEXT,
        price TEXT,
        rating TEXT
    );
    , parameters: None
[2024-12-03T03:26:13.405+0000] {taskinstance.py:340} INFO - ::group::Post task execution logs
[2024-12-03T03:26:13.410+0000] {taskinstance.py:352} INFO - Marking task as SUCCESS. dag_id=fetch_and_store_amazon_books, task_id=create_table, run_id=scheduled__2024-11-20T00:00:00+00:00, execution_date=20241120T000000, start_date=20241203T032612, end_date=20241203T032613
[2024-12-03T03:26:13.464+0000] {logging_mixin.py:190} INFO - Task instance in success state
[2024-12-03T03:26:13.475+0000] {logging_mixin.py:190} INFO -  Previous state of the Task instance: running
[2024-12-03T03:26:13.479+0000] {logging_mixin.py:190} INFO - Dag name:fetch_and_store_amazon_books queued_at:2024-12-03 03:26:00.568412+00:00
[2024-12-03T03:26:13.492+0000] {logging_mixin.py:190} INFO - Task hostname:c2bf3343cf51 operator:PostgresOperator
[2024-12-03T03:26:13.537+0000] {local_task_job_runner.py:266} INFO - Task exited with return code 0
[2024-12-03T03:26:13.774+0000] {taskinstance.py:3895} INFO - 1 downstream tasks scheduled from follow-on schedule check
[2024-12-03T03:26:13.807+0000] {local_task_job_runner.py:245} INFO - ::endgroup::
