[2024-12-03T03:25:49.758+0000] {local_task_job_runner.py:123} INFO - ::group::Pre task execution logs
[2024-12-03T03:25:49.782+0000] {taskinstance.py:2613} INFO - Dependencies all met for dep_context=non-requeueable deps ti=<TaskInstance: fetch_and_store_amazon_books.create_table scheduled__2024-11-07T00:00:00+00:00 [queued]>
[2024-12-03T03:25:49.854+0000] {taskinstance.py:2613} INFO - Dependencies all met for dep_context=requeueable deps ti=<TaskInstance: fetch_and_store_amazon_books.create_table scheduled__2024-11-07T00:00:00+00:00 [queued]>
[2024-12-03T03:25:49.855+0000] {taskinstance.py:2866} INFO - Starting attempt 1 of 2
[2024-12-03T03:25:49.882+0000] {taskinstance.py:2889} INFO - Executing <Task(PostgresOperator): create_table> on 2024-11-07 00:00:00+00:00
[2024-12-03T03:25:49.891+0000] {warnings.py:112} WARNING - /home/***/.local/lib/python3.12/site-packages/***/task/task_runner/standard_task_runner.py:70: DeprecationWarning: This process (pid=2082) is multi-threaded, use of fork() may lead to deadlocks in the child.
  pid = os.fork()

[2024-12-03T03:25:49.898+0000] {standard_task_runner.py:72} INFO - Started process 2117 to run task
[2024-12-03T03:25:49.904+0000] {standard_task_runner.py:104} INFO - Running: ['***', 'tasks', 'run', 'fetch_and_store_amazon_books', 'create_table', 'scheduled__2024-11-07T00:00:00+00:00', '--job-id', '441', '--raw', '--subdir', 'DAGS_FOLDER/dags.py', '--cfg-path', '/tmp/tmpj36ab70l']
[2024-12-03T03:25:49.910+0000] {standard_task_runner.py:105} INFO - Job 441: Subtask create_table
[2024-12-03T03:25:50.187+0000] {task_command.py:467} INFO - Running <TaskInstance: fetch_and_store_amazon_books.create_table scheduled__2024-11-07T00:00:00+00:00 [running]> on host c2bf3343cf51
[2024-12-03T03:25:50.475+0000] {taskinstance.py:3132} INFO - Exporting env vars: AIRFLOW_CTX_DAG_OWNER='***' AIRFLOW_CTX_DAG_ID='fetch_and_store_amazon_books' AIRFLOW_CTX_TASK_ID='create_table' AIRFLOW_CTX_EXECUTION_DATE='2024-11-07T00:00:00+00:00' AIRFLOW_CTX_TRY_NUMBER='1' AIRFLOW_CTX_DAG_RUN_ID='scheduled__2024-11-07T00:00:00+00:00'
[2024-12-03T03:25:50.509+0000] {logging_mixin.py:190} INFO - Task instance is in running state
[2024-12-03T03:25:50.548+0000] {logging_mixin.py:190} INFO -  Previous state of the Task instance: queued
[2024-12-03T03:25:50.554+0000] {logging_mixin.py:190} INFO - Current task name:create_table state:running start_date:2024-12-03 03:25:49.782745+00:00
[2024-12-03T03:25:50.556+0000] {logging_mixin.py:190} INFO - Dag name:fetch_and_store_amazon_books and current dag run status:running
[2024-12-03T03:25:50.559+0000] {taskinstance.py:731} INFO - ::endgroup::
[2024-12-03T03:25:50.607+0000] {sql.py:278} INFO - Executing: 
    CREATE TABLE IF NOT EXISTS books (
        id SERIAL PRIMARY KEY,
        title TEXT NOT NULL,
        authors TEXT,
        price TEXT,
        rating TEXT
    );
    
[2024-12-03T03:25:50.652+0000] {base.py:84} INFO - Retrieving connection 'books_connection'
[2024-12-03T03:25:50.705+0000] {base.py:84} INFO - Retrieving connection 'books_connection'
[2024-12-03T03:25:50.759+0000] {sql.py:544} INFO - Running statement: 
    CREATE TABLE IF NOT EXISTS books (
        id SERIAL PRIMARY KEY,
        title TEXT NOT NULL,
        authors TEXT,
        price TEXT,
        rating TEXT
    );
    , parameters: None
[2024-12-03T03:25:50.777+0000] {taskinstance.py:340} INFO - ::group::Post task execution logs
[2024-12-03T03:25:50.781+0000] {taskinstance.py:352} INFO - Marking task as SUCCESS. dag_id=fetch_and_store_amazon_books, task_id=create_table, run_id=scheduled__2024-11-07T00:00:00+00:00, execution_date=20241107T000000, start_date=20241203T032549, end_date=20241203T032550
[2024-12-03T03:25:50.819+0000] {logging_mixin.py:190} INFO - Task instance in success state
[2024-12-03T03:25:50.820+0000] {logging_mixin.py:190} INFO -  Previous state of the Task instance: running
[2024-12-03T03:25:50.821+0000] {logging_mixin.py:190} INFO - Dag name:fetch_and_store_amazon_books queued_at:2024-12-03 03:25:37.882023+00:00
[2024-12-03T03:25:50.827+0000] {logging_mixin.py:190} INFO - Task hostname:c2bf3343cf51 operator:PostgresOperator
[2024-12-03T03:25:50.859+0000] {local_task_job_runner.py:266} INFO - Task exited with return code 0
[2024-12-03T03:25:50.930+0000] {taskinstance.py:3895} INFO - 1 downstream tasks scheduled from follow-on schedule check
[2024-12-03T03:25:50.969+0000] {local_task_job_runner.py:245} INFO - ::endgroup::
