[2024-12-03T03:24:23.394+0000] {local_task_job_runner.py:123} INFO - ::group::Pre task execution logs
[2024-12-03T03:24:23.416+0000] {taskinstance.py:2613} INFO - Dependencies all met for dep_context=non-requeueable deps ti=<TaskInstance: fetch_and_store_amazon_books.fetch_book_data scheduled__2024-09-14T00:00:00+00:00 [queued]>
[2024-12-03T03:24:23.425+0000] {taskinstance.py:2613} INFO - Dependencies all met for dep_context=requeueable deps ti=<TaskInstance: fetch_and_store_amazon_books.fetch_book_data scheduled__2024-09-14T00:00:00+00:00 [queued]>
[2024-12-03T03:24:23.432+0000] {taskinstance.py:2866} INFO - Starting attempt 1 of 2
[2024-12-03T03:24:23.499+0000] {taskinstance.py:2889} INFO - Executing <Task(PythonOperator): fetch_book_data> on 2024-09-14 00:00:00+00:00
[2024-12-03T03:24:23.540+0000] {standard_task_runner.py:104} INFO - Running: ['***', 'tasks', 'run', 'fetch_and_store_amazon_books', 'fetch_book_data', 'scheduled__2024-09-14T00:00:00+00:00', '--job-id', '268', '--raw', '--subdir', 'DAGS_FOLDER/dags.py', '--cfg-path', '/tmp/tmpq_8ghfwe']
[2024-12-03T03:24:23.546+0000] {standard_task_runner.py:105} INFO - Job 268: Subtask fetch_book_data
[2024-12-03T03:24:23.536+0000] {warnings.py:112} WARNING - /home/***/.local/lib/python3.12/site-packages/***/task/task_runner/standard_task_runner.py:70: DeprecationWarning: This process (pid=1568) is multi-threaded, use of fork() may lead to deadlocks in the child.
  pid = os.fork()

[2024-12-03T03:24:23.550+0000] {standard_task_runner.py:72} INFO - Started process 1587 to run task
[2024-12-03T03:24:23.719+0000] {task_command.py:467} INFO - Running <TaskInstance: fetch_and_store_amazon_books.fetch_book_data scheduled__2024-09-14T00:00:00+00:00 [running]> on host c2bf3343cf51
[2024-12-03T03:24:24.041+0000] {taskinstance.py:3132} INFO - Exporting env vars: AIRFLOW_CTX_DAG_OWNER='***' AIRFLOW_CTX_DAG_ID='fetch_and_store_amazon_books' AIRFLOW_CTX_TASK_ID='fetch_book_data' AIRFLOW_CTX_EXECUTION_DATE='2024-09-14T00:00:00+00:00' AIRFLOW_CTX_TRY_NUMBER='1' AIRFLOW_CTX_DAG_RUN_ID='scheduled__2024-09-14T00:00:00+00:00'
[2024-12-03T03:24:24.048+0000] {logging_mixin.py:190} INFO - Task instance is in running state
[2024-12-03T03:24:24.050+0000] {logging_mixin.py:190} INFO -  Previous state of the Task instance: queued
[2024-12-03T03:24:24.055+0000] {logging_mixin.py:190} INFO - Current task name:fetch_book_data state:running start_date:2024-12-03 03:24:23.418332+00:00
[2024-12-03T03:24:24.057+0000] {logging_mixin.py:190} INFO - Dag name:fetch_and_store_amazon_books and current dag run status:running
[2024-12-03T03:24:24.057+0000] {taskinstance.py:731} INFO - ::endgroup::
[2024-12-03T03:24:25.726+0000] {python.py:240} INFO - Done. Returned value was: None
[2024-12-03T03:24:25.750+0000] {taskinstance.py:340} INFO - ::group::Post task execution logs
[2024-12-03T03:24:25.751+0000] {taskinstance.py:352} INFO - Marking task as SUCCESS. dag_id=fetch_and_store_amazon_books, task_id=fetch_book_data, run_id=scheduled__2024-09-14T00:00:00+00:00, execution_date=20240914T000000, start_date=20241203T032423, end_date=20241203T032425
[2024-12-03T03:24:25.764+0000] {logging_mixin.py:190} INFO - Task instance in success state
[2024-12-03T03:24:25.765+0000] {logging_mixin.py:190} INFO -  Previous state of the Task instance: running
[2024-12-03T03:24:25.767+0000] {logging_mixin.py:190} INFO - Dag name:fetch_and_store_amazon_books queued_at:2024-12-03 03:24:21.503061+00:00
[2024-12-03T03:24:25.767+0000] {logging_mixin.py:190} INFO - Task hostname:c2bf3343cf51 operator:PythonOperator
[2024-12-03T03:24:25.817+0000] {local_task_job_runner.py:266} INFO - Task exited with return code 0
[2024-12-03T03:24:25.968+0000] {taskinstance.py:3895} INFO - 1 downstream tasks scheduled from follow-on schedule check
[2024-12-03T03:24:25.980+0000] {local_task_job_runner.py:245} INFO - ::endgroup::
