[2024-12-03T03:26:11.443+0000] {local_task_job_runner.py:123} INFO - ::group::Pre task execution logs
[2024-12-03T03:26:11.477+0000] {taskinstance.py:2613} INFO - Dependencies all met for dep_context=non-requeueable deps ti=<TaskInstance: fetch_and_store_amazon_books.create_table scheduled__2024-11-26T00:00:00+00:00 [queued]>
[2024-12-03T03:26:11.487+0000] {taskinstance.py:2613} INFO - Dependencies all met for dep_context=requeueable deps ti=<TaskInstance: fetch_and_store_amazon_books.create_table scheduled__2024-11-26T00:00:00+00:00 [queued]>
[2024-12-03T03:26:11.490+0000] {taskinstance.py:2866} INFO - Starting attempt 1 of 2
[2024-12-03T03:26:11.529+0000] {taskinstance.py:2889} INFO - Executing <Task(PostgresOperator): create_table> on 2024-11-26 00:00:00+00:00
[2024-12-03T03:26:11.602+0000] {warnings.py:112} WARNING - /home/***/.local/lib/python3.12/site-packages/***/task/task_runner/standard_task_runner.py:70: DeprecationWarning: This process (pid=2227) is multi-threaded, use of fork() may lead to deadlocks in the child.
  pid = os.fork()

[2024-12-03T03:26:11.605+0000] {standard_task_runner.py:72} INFO - Started process 2236 to run task
[2024-12-03T03:26:11.616+0000] {standard_task_runner.py:104} INFO - Running: ['***', 'tasks', 'run', 'fetch_and_store_amazon_books', 'create_table', 'scheduled__2024-11-26T00:00:00+00:00', '--job-id', '477', '--raw', '--subdir', 'DAGS_FOLDER/dags.py', '--cfg-path', '/tmp/tmp44nr57b6']
[2024-12-03T03:26:11.620+0000] {standard_task_runner.py:105} INFO - Job 477: Subtask create_table
[2024-12-03T03:26:11.778+0000] {task_command.py:467} INFO - Running <TaskInstance: fetch_and_store_amazon_books.create_table scheduled__2024-11-26T00:00:00+00:00 [running]> on host c2bf3343cf51
[2024-12-03T03:26:14.318+0000] {taskinstance.py:3132} INFO - Exporting env vars: AIRFLOW_CTX_DAG_OWNER='***' AIRFLOW_CTX_DAG_ID='fetch_and_store_amazon_books' AIRFLOW_CTX_TASK_ID='create_table' AIRFLOW_CTX_EXECUTION_DATE='2024-11-26T00:00:00+00:00' AIRFLOW_CTX_TRY_NUMBER='1' AIRFLOW_CTX_DAG_RUN_ID='scheduled__2024-11-26T00:00:00+00:00'
[2024-12-03T03:26:14.319+0000] {logging_mixin.py:190} INFO - Task instance is in running state
[2024-12-03T03:26:14.326+0000] {logging_mixin.py:190} INFO -  Previous state of the Task instance: queued
[2024-12-03T03:26:14.333+0000] {logging_mixin.py:190} INFO - Current task name:create_table state:running start_date:2024-12-03 03:26:11.479113+00:00
[2024-12-03T03:26:14.335+0000] {logging_mixin.py:190} INFO - Dag name:fetch_and_store_amazon_books and current dag run status:running
[2024-12-03T03:26:14.344+0000] {taskinstance.py:731} INFO - ::endgroup::
[2024-12-03T03:26:14.345+0000] {sql.py:278} INFO - Executing: 
    CREATE TABLE IF NOT EXISTS books (
        id SERIAL PRIMARY KEY,
        title TEXT NOT NULL,
        authors TEXT,
        price TEXT,
        rating TEXT
    );
    
[2024-12-03T03:26:14.397+0000] {base.py:84} INFO - Retrieving connection 'books_connection'
[2024-12-03T03:26:14.442+0000] {base.py:84} INFO - Retrieving connection 'books_connection'
[2024-12-03T03:26:14.480+0000] {sql.py:544} INFO - Running statement: 
    CREATE TABLE IF NOT EXISTS books (
        id SERIAL PRIMARY KEY,
        title TEXT NOT NULL,
        authors TEXT,
        price TEXT,
        rating TEXT
    );
    , parameters: None
[2024-12-03T03:26:14.512+0000] {taskinstance.py:340} INFO - ::group::Post task execution logs
[2024-12-03T03:26:14.517+0000] {taskinstance.py:352} INFO - Marking task as SUCCESS. dag_id=fetch_and_store_amazon_books, task_id=create_table, run_id=scheduled__2024-11-26T00:00:00+00:00, execution_date=20241126T000000, start_date=20241203T032611, end_date=20241203T032614
[2024-12-03T03:26:14.545+0000] {logging_mixin.py:190} INFO - Task instance in success state
[2024-12-03T03:26:14.549+0000] {logging_mixin.py:190} INFO -  Previous state of the Task instance: running
[2024-12-03T03:26:14.550+0000] {logging_mixin.py:190} INFO - Dag name:fetch_and_store_amazon_books queued_at:2024-12-03 03:26:01.336179+00:00
[2024-12-03T03:26:14.551+0000] {logging_mixin.py:190} INFO - Task hostname:c2bf3343cf51 operator:PostgresOperator
[2024-12-03T03:26:14.601+0000] {local_task_job_runner.py:266} INFO - Task exited with return code 0
[2024-12-03T03:26:14.659+0000] {local_task_job_runner.py:245} INFO - ::endgroup::
