[2024-12-03T03:23:49.274+0000] {local_task_job_runner.py:123} INFO - ::group::Pre task execution logs
[2024-12-03T03:23:49.282+0000] {taskinstance.py:2613} INFO - Dependencies all met for dep_context=non-requeueable deps ti=<TaskInstance: fetch_and_store_amazon_books.fetch_book_data scheduled__2024-08-27T00:00:00+00:00 [queued]>
[2024-12-03T03:23:49.286+0000] {taskinstance.py:2613} INFO - Dependencies all met for dep_context=requeueable deps ti=<TaskInstance: fetch_and_store_amazon_books.fetch_book_data scheduled__2024-08-27T00:00:00+00:00 [queued]>
[2024-12-03T03:23:49.287+0000] {taskinstance.py:2866} INFO - Starting attempt 1 of 2
[2024-12-03T03:23:49.293+0000] {taskinstance.py:2889} INFO - Executing <Task(PythonOperator): fetch_book_data> on 2024-08-27 00:00:00+00:00
[2024-12-03T03:23:49.297+0000] {warnings.py:112} WARNING - /home/***/.local/lib/python3.12/site-packages/***/task/task_runner/standard_task_runner.py:70: DeprecationWarning: This process (pid=1359) is multi-threaded, use of fork() may lead to deadlocks in the child.
  pid = os.fork()

[2024-12-03T03:23:49.298+0000] {standard_task_runner.py:72} INFO - Started process 1370 to run task
[2024-12-03T03:23:49.299+0000] {standard_task_runner.py:104} INFO - Running: ['***', 'tasks', 'run', 'fetch_and_store_amazon_books', 'fetch_book_data', 'scheduled__2024-08-27T00:00:00+00:00', '--job-id', '202', '--raw', '--subdir', 'DAGS_FOLDER/dags.py', '--cfg-path', '/tmp/tmpgaz9g87o']
[2024-12-03T03:23:49.299+0000] {standard_task_runner.py:105} INFO - Job 202: Subtask fetch_book_data
[2024-12-03T03:23:49.325+0000] {task_command.py:467} INFO - Running <TaskInstance: fetch_and_store_amazon_books.fetch_book_data scheduled__2024-08-27T00:00:00+00:00 [running]> on host c2bf3343cf51
[2024-12-03T03:23:49.366+0000] {taskinstance.py:3132} INFO - Exporting env vars: AIRFLOW_CTX_DAG_OWNER='***' AIRFLOW_CTX_DAG_ID='fetch_and_store_amazon_books' AIRFLOW_CTX_TASK_ID='fetch_book_data' AIRFLOW_CTX_EXECUTION_DATE='2024-08-27T00:00:00+00:00' AIRFLOW_CTX_TRY_NUMBER='1' AIRFLOW_CTX_DAG_RUN_ID='scheduled__2024-08-27T00:00:00+00:00'
[2024-12-03T03:23:49.367+0000] {logging_mixin.py:190} INFO - Task instance is in running state
[2024-12-03T03:23:49.367+0000] {logging_mixin.py:190} INFO -  Previous state of the Task instance: queued
[2024-12-03T03:23:49.367+0000] {logging_mixin.py:190} INFO - Current task name:fetch_book_data state:running start_date:2024-12-03 03:23:49.283150+00:00
[2024-12-03T03:23:49.367+0000] {logging_mixin.py:190} INFO - Dag name:fetch_and_store_amazon_books and current dag run status:running
[2024-12-03T03:23:49.368+0000] {taskinstance.py:731} INFO - ::endgroup::
[2024-12-03T03:23:50.461+0000] {python.py:240} INFO - Done. Returned value was: None
[2024-12-03T03:23:50.469+0000] {taskinstance.py:340} INFO - ::group::Post task execution logs
[2024-12-03T03:23:50.470+0000] {taskinstance.py:352} INFO - Marking task as SUCCESS. dag_id=fetch_and_store_amazon_books, task_id=fetch_book_data, run_id=scheduled__2024-08-27T00:00:00+00:00, execution_date=20240827T000000, start_date=20241203T032349, end_date=20241203T032350
[2024-12-03T03:23:50.476+0000] {logging_mixin.py:190} INFO - Task instance in success state
[2024-12-03T03:23:50.476+0000] {logging_mixin.py:190} INFO -  Previous state of the Task instance: running
[2024-12-03T03:23:50.476+0000] {logging_mixin.py:190} INFO - Dag name:fetch_and_store_amazon_books queued_at:2024-12-03 03:23:48.000128+00:00
[2024-12-03T03:23:50.477+0000] {logging_mixin.py:190} INFO - Task hostname:c2bf3343cf51 operator:PythonOperator
[2024-12-03T03:23:50.492+0000] {local_task_job_runner.py:266} INFO - Task exited with return code 0
[2024-12-03T03:23:50.499+0000] {local_task_job_runner.py:245} INFO - ::endgroup::
