[2024-12-03T03:22:44.011+0000] {local_task_job_runner.py:123} INFO - ::group::Pre task execution logs
[2024-12-03T03:22:44.058+0000] {taskinstance.py:2613} INFO - Dependencies all met for dep_context=non-requeueable deps ti=<TaskInstance: fetch_and_store_amazon_books.fetch_book_data scheduled__2024-07-10T00:00:00+00:00 [queued]>
[2024-12-03T03:22:44.069+0000] {taskinstance.py:2613} INFO - Dependencies all met for dep_context=requeueable deps ti=<TaskInstance: fetch_and_store_amazon_books.fetch_book_data scheduled__2024-07-10T00:00:00+00:00 [queued]>
[2024-12-03T03:22:44.070+0000] {taskinstance.py:2866} INFO - Starting attempt 1 of 2
[2024-12-03T03:22:44.114+0000] {taskinstance.py:2889} INFO - Executing <Task(PythonOperator): fetch_book_data> on 2024-07-10 00:00:00+00:00
[2024-12-03T03:22:44.139+0000] {warnings.py:112} WARNING - /home/***/.local/lib/python3.12/site-packages/***/task/task_runner/standard_task_runner.py:70: DeprecationWarning: This process (pid=912) is multi-threaded, use of fork() may lead to deadlocks in the child.
  pid = os.fork()

[2024-12-03T03:22:44.151+0000] {standard_task_runner.py:72} INFO - Started process 934 to run task
[2024-12-03T03:22:44.149+0000] {standard_task_runner.py:104} INFO - Running: ['***', 'tasks', 'run', 'fetch_and_store_amazon_books', 'fetch_book_data', 'scheduled__2024-07-10T00:00:00+00:00', '--job-id', '58', '--raw', '--subdir', 'DAGS_FOLDER/dags.py', '--cfg-path', '/tmp/tmpw44hlgh2']
[2024-12-03T03:22:44.155+0000] {standard_task_runner.py:105} INFO - Job 58: Subtask fetch_book_data
[2024-12-03T03:22:44.296+0000] {task_command.py:467} INFO - Running <TaskInstance: fetch_and_store_amazon_books.fetch_book_data scheduled__2024-07-10T00:00:00+00:00 [running]> on host c2bf3343cf51
[2024-12-03T03:22:44.457+0000] {taskinstance.py:3132} INFO - Exporting env vars: AIRFLOW_CTX_DAG_OWNER='***' AIRFLOW_CTX_DAG_ID='fetch_and_store_amazon_books' AIRFLOW_CTX_TASK_ID='fetch_book_data' AIRFLOW_CTX_EXECUTION_DATE='2024-07-10T00:00:00+00:00' AIRFLOW_CTX_TRY_NUMBER='1' AIRFLOW_CTX_DAG_RUN_ID='scheduled__2024-07-10T00:00:00+00:00'
[2024-12-03T03:22:44.460+0000] {logging_mixin.py:190} INFO - Task instance is in running state
[2024-12-03T03:22:44.462+0000] {logging_mixin.py:190} INFO -  Previous state of the Task instance: queued
[2024-12-03T03:22:44.466+0000] {logging_mixin.py:190} INFO - Current task name:fetch_book_data state:running start_date:2024-12-03 03:22:44.058669+00:00
[2024-12-03T03:22:44.470+0000] {logging_mixin.py:190} INFO - Dag name:fetch_and_store_amazon_books and current dag run status:running
[2024-12-03T03:22:44.473+0000] {taskinstance.py:731} INFO - ::endgroup::
[2024-12-03T03:22:45.711+0000] {python.py:240} INFO - Done. Returned value was: None
[2024-12-03T03:22:45.730+0000] {taskinstance.py:340} INFO - ::group::Post task execution logs
[2024-12-03T03:22:45.731+0000] {taskinstance.py:352} INFO - Marking task as SUCCESS. dag_id=fetch_and_store_amazon_books, task_id=fetch_book_data, run_id=scheduled__2024-07-10T00:00:00+00:00, execution_date=20240710T000000, start_date=20241203T032244, end_date=20241203T032245
[2024-12-03T03:22:45.741+0000] {logging_mixin.py:190} INFO - Task instance in success state
[2024-12-03T03:22:45.742+0000] {logging_mixin.py:190} INFO -  Previous state of the Task instance: running
[2024-12-03T03:22:45.742+0000] {logging_mixin.py:190} INFO - Dag name:fetch_and_store_amazon_books queued_at:2024-12-03 03:22:40.323622+00:00
[2024-12-03T03:22:45.743+0000] {logging_mixin.py:190} INFO - Task hostname:c2bf3343cf51 operator:PythonOperator
[2024-12-03T03:22:45.785+0000] {local_task_job_runner.py:266} INFO - Task exited with return code 0
[2024-12-03T03:22:45.813+0000] {taskinstance.py:3895} INFO - 1 downstream tasks scheduled from follow-on schedule check
[2024-12-03T03:22:45.815+0000] {local_task_job_runner.py:245} INFO - ::endgroup::
