[2024-12-03T03:24:25.342+0000] {local_task_job_runner.py:123} INFO - ::group::Pre task execution logs
[2024-12-03T03:24:25.423+0000] {taskinstance.py:2613} INFO - Dependencies all met for dep_context=non-requeueable deps ti=<TaskInstance: fetch_and_store_amazon_books.fetch_book_data scheduled__2024-09-21T00:00:00+00:00 [queued]>
[2024-12-03T03:24:25.451+0000] {taskinstance.py:2613} INFO - Dependencies all met for dep_context=requeueable deps ti=<TaskInstance: fetch_and_store_amazon_books.fetch_book_data scheduled__2024-09-21T00:00:00+00:00 [queued]>
[2024-12-03T03:24:25.458+0000] {taskinstance.py:2866} INFO - Starting attempt 1 of 2
[2024-12-03T03:24:25.541+0000] {taskinstance.py:2889} INFO - Executing <Task(PythonOperator): fetch_book_data> on 2024-09-21 00:00:00+00:00
[2024-12-03T03:24:25.571+0000] {standard_task_runner.py:104} INFO - Running: ['***', 'tasks', 'run', 'fetch_and_store_amazon_books', 'fetch_book_data', 'scheduled__2024-09-21T00:00:00+00:00', '--job-id', '273', '--raw', '--subdir', 'DAGS_FOLDER/dags.py', '--cfg-path', '/tmp/tmpy7z0np72']
[2024-12-03T03:24:25.582+0000] {standard_task_runner.py:105} INFO - Job 273: Subtask fetch_book_data
[2024-12-03T03:24:25.569+0000] {warnings.py:112} WARNING - /home/***/.local/lib/python3.12/site-packages/***/task/task_runner/standard_task_runner.py:70: DeprecationWarning: This process (pid=1575) is multi-threaded, use of fork() may lead to deadlocks in the child.
  pid = os.fork()

[2024-12-03T03:24:25.586+0000] {standard_task_runner.py:72} INFO - Started process 1598 to run task
[2024-12-03T03:24:25.771+0000] {task_command.py:467} INFO - Running <TaskInstance: fetch_and_store_amazon_books.fetch_book_data scheduled__2024-09-21T00:00:00+00:00 [running]> on host c2bf3343cf51
[2024-12-03T03:24:25.948+0000] {taskinstance.py:3132} INFO - Exporting env vars: AIRFLOW_CTX_DAG_OWNER='***' AIRFLOW_CTX_DAG_ID='fetch_and_store_amazon_books' AIRFLOW_CTX_TASK_ID='fetch_book_data' AIRFLOW_CTX_EXECUTION_DATE='2024-09-21T00:00:00+00:00' AIRFLOW_CTX_TRY_NUMBER='1' AIRFLOW_CTX_DAG_RUN_ID='scheduled__2024-09-21T00:00:00+00:00'
[2024-12-03T03:24:25.965+0000] {logging_mixin.py:190} INFO - Task instance is in running state
[2024-12-03T03:24:25.976+0000] {logging_mixin.py:190} INFO -  Previous state of the Task instance: queued
[2024-12-03T03:24:25.977+0000] {logging_mixin.py:190} INFO - Current task name:fetch_book_data state:running start_date:2024-12-03 03:24:25.427966+00:00
[2024-12-03T03:24:26.002+0000] {logging_mixin.py:190} INFO - Dag name:fetch_and_store_amazon_books and current dag run status:running
[2024-12-03T03:24:26.005+0000] {taskinstance.py:731} INFO - ::endgroup::
[2024-12-03T03:24:27.289+0000] {python.py:240} INFO - Done. Returned value was: None
[2024-12-03T03:24:27.303+0000] {taskinstance.py:340} INFO - ::group::Post task execution logs
[2024-12-03T03:24:27.304+0000] {taskinstance.py:352} INFO - Marking task as SUCCESS. dag_id=fetch_and_store_amazon_books, task_id=fetch_book_data, run_id=scheduled__2024-09-21T00:00:00+00:00, execution_date=20240921T000000, start_date=20241203T032425, end_date=20241203T032427
[2024-12-03T03:24:27.311+0000] {logging_mixin.py:190} INFO - Task instance in success state
[2024-12-03T03:24:27.312+0000] {logging_mixin.py:190} INFO -  Previous state of the Task instance: running
[2024-12-03T03:24:27.312+0000] {logging_mixin.py:190} INFO - Dag name:fetch_and_store_amazon_books queued_at:2024-12-03 03:24:22.069141+00:00
[2024-12-03T03:24:27.312+0000] {logging_mixin.py:190} INFO - Task hostname:c2bf3343cf51 operator:PythonOperator
[2024-12-03T03:24:27.356+0000] {local_task_job_runner.py:266} INFO - Task exited with return code 0
[2024-12-03T03:24:27.381+0000] {taskinstance.py:3895} INFO - 1 downstream tasks scheduled from follow-on schedule check
[2024-12-03T03:24:27.383+0000] {local_task_job_runner.py:245} INFO - ::endgroup::
