[2024-12-03T03:22:28.606+0000] {local_task_job_runner.py:123} INFO - ::group::Pre task execution logs
[2024-12-03T03:22:28.646+0000] {taskinstance.py:2613} INFO - Dependencies all met for dep_context=non-requeueable deps ti=<TaskInstance: fetch_and_store_amazon_books.create_table scheduled__2024-06-29T00:00:00+00:00 [queued]>
[2024-12-03T03:22:28.697+0000] {taskinstance.py:2613} INFO - Dependencies all met for dep_context=requeueable deps ti=<TaskInstance: fetch_and_store_amazon_books.create_table scheduled__2024-06-29T00:00:00+00:00 [queued]>
[2024-12-03T03:22:28.698+0000] {taskinstance.py:2866} INFO - Starting attempt 1 of 2
[2024-12-03T03:22:28.748+0000] {taskinstance.py:2889} INFO - Executing <Task(PostgresOperator): create_table> on 2024-06-29 00:00:00+00:00
[2024-12-03T03:22:28.760+0000] {warnings.py:112} WARNING - /home/***/.local/lib/python3.12/site-packages/***/task/task_runner/standard_task_runner.py:70: DeprecationWarning: This process (pid=813) is multi-threaded, use of fork() may lead to deadlocks in the child.
  pid = os.fork()

[2024-12-03T03:22:28.763+0000] {standard_task_runner.py:72} INFO - Started process 848 to run task
[2024-12-03T03:22:28.772+0000] {standard_task_runner.py:104} INFO - Running: ['***', 'tasks', 'run', 'fetch_and_store_amazon_books', 'create_table', 'scheduled__2024-06-29T00:00:00+00:00', '--job-id', '28', '--raw', '--subdir', 'DAGS_FOLDER/dags.py', '--cfg-path', '/tmp/tmp92a3kyza']
[2024-12-03T03:22:28.781+0000] {standard_task_runner.py:105} INFO - Job 28: Subtask create_table
[2024-12-03T03:22:28.916+0000] {task_command.py:467} INFO - Running <TaskInstance: fetch_and_store_amazon_books.create_table scheduled__2024-06-29T00:00:00+00:00 [running]> on host c2bf3343cf51
[2024-12-03T03:22:29.073+0000] {taskinstance.py:3132} INFO - Exporting env vars: AIRFLOW_CTX_DAG_OWNER='***' AIRFLOW_CTX_DAG_ID='fetch_and_store_amazon_books' AIRFLOW_CTX_TASK_ID='create_table' AIRFLOW_CTX_EXECUTION_DATE='2024-06-29T00:00:00+00:00' AIRFLOW_CTX_TRY_NUMBER='1' AIRFLOW_CTX_DAG_RUN_ID='scheduled__2024-06-29T00:00:00+00:00'
[2024-12-03T03:22:29.074+0000] {logging_mixin.py:190} INFO - Task instance is in running state
[2024-12-03T03:22:29.076+0000] {logging_mixin.py:190} INFO -  Previous state of the Task instance: queued
[2024-12-03T03:22:29.077+0000] {logging_mixin.py:190} INFO - Current task name:create_table state:running start_date:2024-12-03 03:22:28.647680+00:00
[2024-12-03T03:22:29.077+0000] {logging_mixin.py:190} INFO - Dag name:fetch_and_store_amazon_books and current dag run status:running
[2024-12-03T03:22:29.078+0000] {taskinstance.py:731} INFO - ::endgroup::
[2024-12-03T03:22:29.079+0000] {sql.py:278} INFO - Executing: 
    CREATE TABLE IF NOT EXISTS books (
        id SERIAL PRIMARY KEY,
        title TEXT NOT NULL,
        authors TEXT,
        price TEXT,
        rating TEXT
    );
    
[2024-12-03T03:22:29.094+0000] {base.py:84} INFO - Retrieving connection 'books_connection'
[2024-12-03T03:22:29.137+0000] {base.py:84} INFO - Retrieving connection 'books_connection'
[2024-12-03T03:22:29.145+0000] {sql.py:544} INFO - Running statement: 
    CREATE TABLE IF NOT EXISTS books (
        id SERIAL PRIMARY KEY,
        title TEXT NOT NULL,
        authors TEXT,
        price TEXT,
        rating TEXT
    );
    , parameters: None
[2024-12-03T03:22:29.178+0000] {taskinstance.py:340} INFO - ::group::Post task execution logs
[2024-12-03T03:22:29.179+0000] {taskinstance.py:352} INFO - Marking task as SUCCESS. dag_id=fetch_and_store_amazon_books, task_id=create_table, run_id=scheduled__2024-06-29T00:00:00+00:00, execution_date=20240629T000000, start_date=20241203T032228, end_date=20241203T032229
[2024-12-03T03:22:29.220+0000] {logging_mixin.py:190} INFO - Task instance in success state
[2024-12-03T03:22:29.224+0000] {logging_mixin.py:190} INFO -  Previous state of the Task instance: running
[2024-12-03T03:22:29.224+0000] {logging_mixin.py:190} INFO - Dag name:fetch_and_store_amazon_books queued_at:2024-12-03 03:22:14.289053+00:00
[2024-12-03T03:22:29.225+0000] {logging_mixin.py:190} INFO - Task hostname:c2bf3343cf51 operator:PostgresOperator
[2024-12-03T03:22:29.290+0000] {local_task_job_runner.py:266} INFO - Task exited with return code 0
[2024-12-03T03:22:29.340+0000] {taskinstance.py:3895} INFO - 1 downstream tasks scheduled from follow-on schedule check
[2024-12-03T03:22:29.352+0000] {local_task_job_runner.py:245} INFO - ::endgroup::
