[2024-12-03T03:25:13.346+0000] {local_task_job_runner.py:123} INFO - ::group::Pre task execution logs
[2024-12-03T03:25:13.410+0000] {taskinstance.py:2613} INFO - Dependencies all met for dep_context=non-requeueable deps ti=<TaskInstance: fetch_and_store_amazon_books.fetch_book_data scheduled__2024-10-21T00:00:00+00:00 [queued]>
[2024-12-03T03:25:13.494+0000] {taskinstance.py:2613} INFO - Dependencies all met for dep_context=requeueable deps ti=<TaskInstance: fetch_and_store_amazon_books.fetch_book_data scheduled__2024-10-21T00:00:00+00:00 [queued]>
[2024-12-03T03:25:13.511+0000] {taskinstance.py:2866} INFO - Starting attempt 1 of 2
[2024-12-03T03:25:13.602+0000] {taskinstance.py:2889} INFO - Executing <Task(PythonOperator): fetch_book_data> on 2024-10-21 00:00:00+00:00
[2024-12-03T03:25:13.633+0000] {warnings.py:112} WARNING - /home/***/.local/lib/python3.12/site-packages/***/task/task_runner/standard_task_runner.py:70: DeprecationWarning: This process (pid=1868) is multi-threaded, use of fork() may lead to deadlocks in the child.
  pid = os.fork()

[2024-12-03T03:25:13.646+0000] {standard_task_runner.py:72} INFO - Started process 1886 to run task
[2024-12-03T03:25:13.650+0000] {standard_task_runner.py:104} INFO - Running: ['***', 'tasks', 'run', 'fetch_and_store_amazon_books', 'fetch_book_data', 'scheduled__2024-10-21T00:00:00+00:00', '--job-id', '365', '--raw', '--subdir', 'DAGS_FOLDER/dags.py', '--cfg-path', '/tmp/tmpj7lfwl3m']
[2024-12-03T03:25:13.657+0000] {standard_task_runner.py:105} INFO - Job 365: Subtask fetch_book_data
[2024-12-03T03:25:13.810+0000] {task_command.py:467} INFO - Running <TaskInstance: fetch_and_store_amazon_books.fetch_book_data scheduled__2024-10-21T00:00:00+00:00 [running]> on host c2bf3343cf51
[2024-12-03T03:25:14.011+0000] {taskinstance.py:3132} INFO - Exporting env vars: AIRFLOW_CTX_DAG_OWNER='***' AIRFLOW_CTX_DAG_ID='fetch_and_store_amazon_books' AIRFLOW_CTX_TASK_ID='fetch_book_data' AIRFLOW_CTX_EXECUTION_DATE='2024-10-21T00:00:00+00:00' AIRFLOW_CTX_TRY_NUMBER='1' AIRFLOW_CTX_DAG_RUN_ID='scheduled__2024-10-21T00:00:00+00:00'
[2024-12-03T03:25:14.019+0000] {logging_mixin.py:190} INFO - Task instance is in running state
[2024-12-03T03:25:14.022+0000] {logging_mixin.py:190} INFO -  Previous state of the Task instance: queued
[2024-12-03T03:25:14.028+0000] {logging_mixin.py:190} INFO - Current task name:fetch_book_data state:running start_date:2024-12-03 03:25:13.452962+00:00
[2024-12-03T03:25:14.028+0000] {logging_mixin.py:190} INFO - Dag name:fetch_and_store_amazon_books and current dag run status:running
[2024-12-03T03:25:14.033+0000] {taskinstance.py:731} INFO - ::endgroup::
[2024-12-03T03:25:16.754+0000] {python.py:240} INFO - Done. Returned value was: None
[2024-12-03T03:25:16.795+0000] {taskinstance.py:340} INFO - ::group::Post task execution logs
[2024-12-03T03:25:16.800+0000] {taskinstance.py:352} INFO - Marking task as SUCCESS. dag_id=fetch_and_store_amazon_books, task_id=fetch_book_data, run_id=scheduled__2024-10-21T00:00:00+00:00, execution_date=20241021T000000, start_date=20241203T032513, end_date=20241203T032516
[2024-12-03T03:25:16.889+0000] {logging_mixin.py:190} INFO - Task instance in success state
[2024-12-03T03:25:16.890+0000] {logging_mixin.py:190} INFO -  Previous state of the Task instance: running
[2024-12-03T03:25:16.891+0000] {logging_mixin.py:190} INFO - Dag name:fetch_and_store_amazon_books queued_at:2024-12-03 03:25:10.805660+00:00
[2024-12-03T03:25:16.896+0000] {logging_mixin.py:190} INFO - Task hostname:c2bf3343cf51 operator:PythonOperator
[2024-12-03T03:25:16.948+0000] {local_task_job_runner.py:266} INFO - Task exited with return code 0
[2024-12-03T03:25:17.002+0000] {local_task_job_runner.py:245} INFO - ::endgroup::
